<?xml version="1.0" encoding="UTF-8"?>
<testsuite name="MainTest" tests="1" skipped="0" failures="0" errors="0" timestamp="2020-10-16T18:51:41" hostname="sadegh-GL553VD" time="0.036">
  <properties/>
  <testcase name="main()" classname="MainTest" time="0.036"/>
  <system-out><![CDATA[.I 2
.I 3
.I 4
.I 5
.I 6
.I 12
.I 13
.I 14
.I 15
.I 25
.I 26
.I 27
.I 28
.I 29
.I 30
.I 31
.I 32
.I 33
.I 34
.I 35
.I 36
.I 37
.I 38
.I 39
.I 40
.I 41
.I 42
.I 43
.I 44
.I 45
.I 46
.I 47
.I 48
.I 49
.I 50
.I 51
.I 52
.I 53
.I 54
.I 55
]]></system-out>
  <system-err><![CDATA[]]></system-err>
</testsuite>
