<?xml version="1.0" encoding="UTF-8"?>
<testsuite name="MainTest" tests="1" skipped="0" failures="0" errors="0" timestamp="2020-10-22T21:25:52" hostname="DESKTOP-NQ4QDIK" time="0.424">
  <properties/>
  <testcase name="main()" classname="MainTest" time="0.424"/>
  <system-out><![CDATA[[_8.cfe, _8.cfs, _8.si, segments_9, write.lock]
103

"0.003" : doc1(1),
"0.02" : doc54(1),
"0.021" : doc1(1),
"0.0225" : doc54(1),
"0.026" : doc54(1),
"0.029" : doc0(1),
"0.039" : doc0(1),
"0.05" : doc64(1),
"0.051" : doc0(1),
"0.1" : doc82(2),
"0.25" : doc73(1),
"0.26" : doc54(1),
"0.27" : doc55(1),
"0.324" : doc0(1),
"0.5" : doc71(1),doc76(1),
"0.6" : doc54(1),
"0.67" : doc54(1),
"1" : doc2(1),doc9(1),doc10(1),doc15(2),doc18(1),doc21(1),doc23(1),doc27(1),doc32(2),doc43(1),doc45(1),doc46(1),doc47(1),doc55(2),doc58(4),doc61(4),doc63(1),doc64(1),doc70(1),doc71(1),doc72(1),doc79(7),doc96(1),doc97(1),doc99(1),
"1.05" : doc55(1),
"1.2" : doc46(1),
"1.32" : doc54(1),
"1.5" : doc52(1),
"1.71" : doc42(1),
"10" : doc3(1),doc4(6),doc15(3),doc18(1),doc27(1),doc30(1),doc45(1),doc46(1),doc50(1),doc54(1),doc73(1),doc78(1),
"100" : doc4(2),doc15(1),doc55(1),
"100,000" : doc91(1),
"105" : doc54(1),
"1066" : doc16(1),
"11" : doc32(1),doc46(1),doc54(1),doc99(1),
"1142" : doc9(1),
"1143" : doc10(1),
"1172" : doc11(1),
"12" : doc55(1),doc61(1),doc70(1),doc94(1),
"128" : doc27(1),
"13" : doc52(2),doc58(1),doc63(1),doc71(1),
"131i" : doc55(1),
"1368" : doc19(1),
"14" : doc18(2),doc56(1),doc71(2),
"14.3" : doc42(1),
"15" : doc1(1),doc35(1),doc55(1),doc57(1),doc61(1),
"150" : doc3(1),
"1541" : doc1(1),
"1577" : doc2(1),
"16" : doc94(1),
"16.6" : doc52(1),
"17" : doc1(1),doc18(1),
"171" : doc96(1),
"1845" : doc14(1),
"1846" : doc15(1),
"1848" : doc20(1),
"19" : doc22(4),doc71(1),
"1907" : doc94(1),
"1950" : doc94(1),
"1955" : doc94(1),
"1958" : doc73(1),
"1960" : doc18(1),doc67(1),doc73(1),
"1963" : doc34(1),doc96(1),
"1964" : doc34(1),doc36(1),
"198" : doc42(1),
"1m" : doc22(1),
"2" : doc3(2),doc4(1),doc7(1),doc15(1),doc21(8),doc22(1),doc32(1),doc37(1),doc43(1),doc45(1),doc46(1),doc47(1),doc50(1),doc54(4),doc55(2),doc61(3),doc63(1),doc70(1),doc71(1),doc72(1),doc74(3),doc78(1),doc79(1),doc99(2),
"2,000" : doc49(1),
"2.0" : doc46(1),
"2.25" : doc54(1),
"2.4" : doc46(1),
"20" : doc3(1),doc18(2),doc32(1),doc39(1),doc52(2),doc54(2),
"200" : doc3(1),
"210.0" : doc3(1),
"2127" : doc13(1),
"2192" : doc0(1),
"22" : doc17(1),
"2281" : doc4(1),
"2284" : doc5(1),
"2354" : doc21(1),
"2371" : doc22(1),
"2372" : doc23(1),
"2373" : doc24(1),
"24" : doc46(1),
"25" : doc49(1),doc52(1),
"250" : doc20(1),doc32(1),
"2552" : doc8(1),
"2570" : doc17(1),
"264" : doc27(1),
"266" : doc28(1),
"28" : doc54(3),doc56(1),
"290.6" : doc3(1),
"3" : doc4(3),doc15(1),doc16(1),doc19(2),doc21(1),doc24(1),doc32(1),doc42(2),doc46(2),doc47(1),doc50(1),doc58(3),doc61(6),doc68(2),doc71(1),doc74(1),doc94(1),doc97(1),
"3.0" : doc71(1),
"3.2" : doc18(1),
"30" : doc3(1),doc9(2),doc19(2),doc21(1),doc46(1),
"31" : doc25(1),
"3123" : doc3(1),
"32" : doc42(3),
"320" : doc20(1),
"326.8" : doc3(1),
"32p" : doc42(1),
"32pi" : doc36(1),
"34" : doc52(1),
"3604" : doc6(1),
"3640" : doc7(1),
"4" : doc4(1),doc6(1),doc15(1),doc16(1),doc21(1),doc32(1),doc46(1),doc47(1),doc54(2),doc61(2),doc65(1),
"40" : doc13(1),doc54(1),
"40,000" : doc18(1),
"420,000" : doc18(1),
"44" : doc1(1),
"45" : doc3(1),doc94(1),
"45.2" : doc52(1),
"480" : doc46(1),
"4s" : doc18(1),doc22(1),
"5" : doc3(1),doc4(2),doc9(1),doc10(1),doc24(1),doc47(1),doc52(1),doc55(1),doc61(2),doc74(1),doc78(1),doc96(1),doc99(3),
"5.0" : doc76(1),
"50" : doc15(2),doc39(1),doc46(2),doc54(1),
"500" : doc49(1),
"516" : doc0(1),
"517" : doc1(1),
"518" : doc2(1),
"519" : doc3(1),
"52" : doc32(1),
"520" : doc4(1),
"521" : doc5(1),
"522" : doc6(1),
"523" : doc7(1),
"524" : doc8(1),
"525" : doc9(1),
"526" : doc10(1),
"527" : doc11(1),
"528" : doc12(1),
"529" : doc13(1),
"530" : doc14(1),
"531" : doc15(1),
"532" : doc16(1),
"533" : doc17(1),
"534" : doc18(1),
"535" : doc19(1),
"536" : doc20(1),
"537" : doc21(1),
"538" : doc22(1),
"539" : doc23(1),
"540" : doc24(1),
"541" : doc25(1),
"542" : doc26(1),
"543" : doc27(1),
"544" : doc28(1),
"545" : doc29(1),
"546" : doc30(1),
"547" : doc31(1),
"548" : doc32(1),
"549" : doc33(1),
"550" : doc34(1),
"551" : doc35(1),
"5512" : doc25(1),
"5514" : doc26(1),
"552" : doc36(1),
"553" : doc37(1),
"554" : doc38(1),
"555" : doc39(1),
"556" : doc40(1),
"557" : doc41(1),
"558" : doc42(1),
"559" : doc43(1),
"560" : doc44(1),
"561" : doc45(1),
"562" : doc46(1),
"563" : doc47(1),
"564" : doc48(1),
"565" : doc49(1),
"566" : doc50(1),
"567" : doc51(1),
"568" : doc52(1),
"569" : doc53(1),
"570" : doc54(1),
"571" : doc55(1),
"572" : doc56(1),
"573" : doc57(1),
"574" : doc58(1),
"575" : doc59(1),
"576" : doc60(1),
"577" : doc61(1),
"578" : doc62(1),
"579" : doc63(1),
"580" : doc64(1),
"581" : doc65(1),
"582" : doc66(1),
"583" : doc67(1),
"584" : doc68(1),
"585" : doc69(1),
"586" : doc70(1),
"587" : doc71(1),
"588" : doc72(1),
"589" : doc73(1),
"590" : doc74(1),
"591" : doc75(1),
"592" : doc76(1),
"593" : doc77(1),
"594" : doc78(1),
"595" : doc79(1),
"596" : doc80(1),
"597" : doc81(1),
"598" : doc82(1),
"599" : doc83(1),
"6" : doc15(1),doc32(1),doc46(1),doc47(1),doc54(2),doc71(1),
"6.7" : doc52(1),
"60" : doc52(2),
"600" : doc84(1),
"601" : doc85(1),
"602" : doc86(1),
"603" : doc87(1),
"604" : doc88(1),
"605" : doc89(1),
"606" : doc90(1),
"607" : doc91(1),
"608" : doc92(1),
"609" : doc93(1),
"610" : doc94(1),
"611" : doc95(1),
"612" : doc96(1),
"613" : doc97(1),
"614" : doc98(1),
"615" : doc99(1),
"616" : doc100(1),
"617" : doc101(1),
"618" : doc102(1),
"6th" : doc24(1),
"7" : doc18(1),doc26(4),doc55(3),doc58(2),doc78(3),
"70" : doc4(1),doc52(1),
"744" : doc18(1),
"77" : doc4(1),
"78" : doc17(1),
"7s" : doc22(4),
"8" : doc50(1),doc61(1),doc99(1),
"80" : doc54(1),
"8000" : doc14(1),
"843" : doc12(1),
"85" : doc4(1),
"86" : doc99(1),
"87" : doc32(1),
"9" : doc14(1),doc50(1),doc74(2),doc78(2),
"90" : doc39(1),doc42(1),
"94" : doc46(1),
"944" : doc96(1),
"95" : doc27(1),
"a2" : doc20(1),
"ab" : doc25(1),
"abdomini" : doc5(1),
"aberr" : doc92(1),
"abil" : doc18(1),doc26(1),doc54(1),doc56(4),doc79(1),doc81(1),
"abl" : doc62(1),doc66(1),
"abnorm" : doc20(2),doc44(1),doc53(1),doc75(1),doc86(1),doc99(1),
"abnormali" : doc66(1),
"abolish" : doc49(1),doc64(1),doc70(1),
"about" : doc4(1),doc34(1),doc39(1),doc50(1),doc57(1),doc89(3),
"abov" : doc34(1),doc71(1),doc72(1),doc74(2),doc85(1),
"abrupt" : doc54(1),
"absenc" : doc70(2),doc78(1),doc85(2),
"absent" : doc55(1),doc57(1),doc87(1),
"absolut" : doc15(2),
"absorpt" : doc2(1),doc4(2),doc21(1),doc25(1),doc27(1),doc32(2),doc42(1),
"ac" : doc56(1),doc64(1),
"acceler" : doc55(2),doc63(1),doc74(1),doc79(1),doc82(1),doc84(1),doc85(1),
"accentu" : doc50(1),
"accompani" : doc41(1),doc53(1),doc66(2),doc72(1),
"account" : doc47(1),doc50(1),doc72(1),
"accret" : doc60(1),
"accru" : doc89(1),
"accumu" : doc39(1),
"accumul" : doc39(2),
"accur" : doc33(1),doc62(1),doc85(1),
"acet" : doc63(1),doc77(3),
"aceton" : doc63(2),
"acetyl" : doc65(3),
"acetylcholin" : doc5(4),
"acetylselenocholin" : doc5(3),
"acetylthiocholin" : doc5(5),
"acetyselenocholin" : doc5(1),
"achiev" : doc4(1),doc28(1),doc43(1),
"achondroplast" : doc61(2),
"acid" : doc6(2),doc12(1),doc18(2),doc36(1),doc37(3),doc39(1),doc42(1),doc46(2),doc53(1),doc63(1),doc65(2),doc66(5),doc71(1),doc79(10),doc80(1),doc85(2),
"acquir" : doc66(1),
"acquisit" : doc60(1),doc95(1),doc98(2),
"acro" : doc62(1),
"acromegal" : doc62(1),
"acromegali" : doc62(1),doc83(1),doc86(1),
"across" : doc2(1),
"act" : doc2(1),doc12(1),doc15(1),doc43(1),doc73(1),doc85(1),doc93(1),
"action" : doc2(1),doc4(1),doc5(1),doc7(3),doc16(1),doc27(1),doc35(1),doc36(2),doc38(3),doc40(1),doc54(1),doc59(1),doc64(3),doc69(1),doc70(1),doc80(2),doc84(1),doc85(2),doc93(5),
"activ" : doc2(4),doc4(4),doc5(1),doc6(3),doc13(1),doc14(1),doc22(5),doc24(1),doc39(1),doc42(2),doc47(1),doc54(5),doc58(1),doc60(1),doc62(2),doc70(3),doc74(1),doc75(2),doc76(2),doc80(1),doc93(1),
"acut" : doc3(1),doc33(1),doc48(1),doc86(1),
"ad" : doc3(1),doc34(1),doc41(1),doc42(1),doc52(1),doc94(1),
"adam" : doc91(1),
"adapt" : doc93(1),doc102(1),
"addit" : doc5(1),doc18(1),doc25(1),doc36(1),doc38(1),doc40(1),doc70(1),doc72(1),
"adenocarcinoma" : doc27(2),
"adenohypophys" : doc56(1),
"adenohypophysi" : doc54(1),
"adenoma" : doc30(1),doc44(2),doc57(1),
"adenophypophysi" : doc56(1),
"adenoviru" : doc26(4),
"adequ" : doc96(1),
"adh" : doc72(3),
"adipos" : doc64(2),doc66(1),
"adjac" : doc27(1),
"administ" : doc39(1),doc54(1),doc78(1),doc81(2),doc94(1),
"administr" : doc38(1),doc39(1),doc40(1),doc43(1),doc46(1),doc47(1),doc49(3),doc50(1),doc62(1),doc65(2),doc66(4),doc69(1),doc75(2),doc76(1),doc78(2),doc86(2),doc88(2),
"administra" : doc65(1),
"admit" : doc94(1),
"adopt" : doc24(1),
"adren" : doc8(1),doc63(1),doc77(1),
"adrenocort" : doc78(1),
"adrenocorticotropin" : doc77(1),
"adsorpt" : doc34(1),doc42(1),
"adult" : doc10(1),doc14(2),doc19(1),doc21(1),doc56(1),doc90(1),
"advanc" : doc60(1),doc67(2),doc102(1),
"advent" : doc83(1),
"advers" : doc63(1),
"advoc" : doc88(1),
"aetiolog" : doc34(1),doc78(1),
"affect" : doc18(1),doc47(1),doc52(1),doc85(1),
"after" : doc3(1),doc10(1),doc14(3),doc17(1),doc18(1),doc19(1),doc20(1),doc21(1),doc24(2),doc25(2),doc27(1),doc28(1),doc30(1),doc32(4),doc39(4),doc40(1),doc42(1),doc46(1),doc47(2),doc50(2),doc52(1),doc54(3),doc55(1),doc57(1),doc65(1),doc68(1),doc69(1),doc73(2),doc78(2),doc86(1),doc88(1),doc92(1),
"ag" : doc19(3),doc61(1),doc74(1),doc90(1),doc94(2),doc96(1),doc99(1),
"again" : doc22(1),
"against" : doc13(1),doc14(4),doc16(2),doc17(1),doc21(1),doc23(3),doc25(1),doc27(2),doc43(2),doc66(1),doc74(3),
"agar" : doc25(1),doc27(1),
"agent" : doc13(1),doc59(1),doc62(1),doc68(1),
"agglutin" : doc18(1),
"ago" : doc94(1),
"agre" : doc85(1),
"air" : doc5(1),
"al" : doc36(1),doc73(1),
"albino" : doc46(1),
"albright" : doc41(1),
"albumin" : doc65(1),doc80(1),
"alkali" : doc82(1),
"alkalin" : doc37(2),
"alkalosi" : doc48(3),
"alkyl" : doc32(1),
"all" : doc20(1),doc21(2),doc35(2),doc36(1),doc47(1),doc55(1),doc60(1),doc69(1),doc71(3),doc75(2),doc78(1),doc82(1),doc90(2),doc97(1),doc99(2),doc100(1),
"allison" : doc18(1),
"allograft" : doc14(4),
"alloxan" : doc7(1),doc56(3),doc76(1),
"almost" : doc20(1),doc60(1),doc99(1),
"alon" : doc2(1),doc33(1),doc82(1),
"along" : doc90(1),
"alreadi" : doc30(1),
"also" : doc2(1),doc13(1),doc14(1),doc17(1),doc19(2),doc35(1),doc36(1),doc49(1),doc50(1),doc52(1),doc54(1),doc61(1),doc66(1),doc71(1),doc74(1),doc78(1),doc81(1),doc82(1),doc85(1),doc86(1),doc93(1),
"alter" : doc9(1),doc17(1),doc29(1),doc38(1),doc62(1),doc65(1),doc75(1),doc79(1),doc81(1),doc85(1),
"altern" : doc33(1),doc54(1),doc63(1),
"although" : doc28(1),doc43(1),doc54(2),doc77(1),doc79(1),doc83(1),doc84(1),
"aluminium" : doc42(3),
"alveoli" : doc73(2),
"alwai" : doc22(1),doc48(1),
"amin" : doc57(1),
"amino" : doc36(1),doc66(2),doc79(6),doc85(2),
"aminocyclopentanecarboxyl" : doc79(3),
"aminoisobutyr" : doc79(1),
"ammon" : doc70(1),
"ammonium" : doc70(1),
"among" : doc42(1),
"amount" : doc0(1),doc43(1),doc56(2),doc73(1),doc77(1),doc80(1),
"ampl" : doc84(1),
"ampli" : doc32(1),
"ampoul" : doc32(2),
"anabol" : doc33(1),doc75(1),
"anali" : doc20(1),
"analog" : doc5(2),doc13(1),doc29(1),
"analogu" : doc6(1),doc8(1),doc12(1),
"analysi" : doc20(1),doc24(1),doc30(1),doc36(1),
"anaphylact" : doc15(3),
"anatom" : doc45(1),
"anc" : doc50(1),
"androgen" : doc62(1),
"angiopathi" : doc83(1),
"ani" : doc30(1),doc36(1),doc49(2),doc55(1),doc69(2),doc75(1),doc80(1),doc82(3),doc84(1),
"anim" : doc3(2),doc8(1),doc13(3),doc19(1),doc27(1),doc43(1),doc47(2),doc49(2),doc56(1),doc65(1),doc83(1),doc85(1),doc91(1),doc93(2),
"anod" : doc42(2),
"anoth" : doc17(1),doc21(1),doc36(1),doc50(1),doc61(1),doc71(1),
"answer" : doc80(1),
"antagon" : doc80(2),
"antagonist" : doc80(1),
"anterior" : doc44(1),doc80(1),
"anti" : doc18(1),doc22(1),doc26(1),doc28(1),doc32(1),doc55(4),doc65(1),
"antibodi" : doc19(1),doc22(1),doc26(1),doc27(6),doc55(1),doc66(1),doc74(5),
"anticholinesteras" : doc5(1),
"anticip" : doc93(1),
"antidot" : doc32(1),
"antigen" : doc14(4),doc15(5),doc16(1),doc17(2),doc18(11),doc19(1),doc20(5),doc21(1),doc23(6),doc25(7),doc26(6),doc27(3),doc28(4),doc65(1),
"antioxid" : doc12(1),
"antisera" : doc25(3),
"antiserum" : doc18(1),doc26(1),doc55(3),
"anyth" : doc97(1),
"aphas" : doc94(3),
"aphasia" : doc89(2),
"appar" : doc5(1),doc36(1),doc75(1),doc93(1),
"appear" : doc1(1),doc2(1),doc8(1),doc21(1),doc26(1),doc27(3),doc32(1),doc50(1),doc54(1),doc65(1),doc67(1),doc75(1),doc78(1),doc81(1),doc85(2),doc88(2),doc94(1),
"appli" : doc40(1),doc42(1),doc96(1),
"applic" : doc13(1),doc28(1),
"appreci" : doc0(1),
"approach" : doc28(1),doc44(1),doc100(1),
"appropri" : doc34(1),
"approx" : doc18(2),
"approxim" : doc5(1),doc15(1),
"april" : doc96(1),
"aqueou" : doc63(1),
"area" : doc1(1),doc56(1),
"arginin" : doc54(1),
"argu" : doc89(2),
"argument" : doc83(1),
"aris" : doc28(1),doc97(1),
"armour" : doc84(1),
"arrest" : doc29(3),
"arsen" : doc13(1),
"articl" : doc13(1),doc90(1),
"artifici" : doc34(1),
"ascertain" : doc80(1),
"ascit" : doc18(2),
"ascorb" : doc46(2),
"ash" : doc31(1),
"asoci" : doc93(1),
"aspect" : doc99(1),doc100(1),
"assai" : doc18(1),doc56(1),doc62(1),doc70(1),doc86(1),doc88(1),
"assess" : doc96(1),
"associ" : doc2(1),doc19(1),doc37(1),doc41(1),doc47(1),doc54(1),doc56(1),doc58(1),doc81(1),doc83(1),doc86(1),
"assum" : doc88(1),
"astrocytoma" : doc87(1),
"asynton" : doc93(1),
"atp" : doc33(1),doc36(1),
"atpas" : doc36(1),
"atractylosid" : doc4(4),
"atroph" : doc7(1),
"atrophi" : doc9(1),doc29(1),doc77(1),
"attach" : doc65(1),
"attack" : doc89(1),
"attempt" : doc7(1),doc25(1),doc40(1),doc60(1),doc62(1),
"attent" : doc89(1),doc93(1),
"attract" : doc42(1),doc80(1),
"attribut" : doc5(1),doc48(1),
"author" : doc0(1),doc28(1),doc34(1),doc88(1),doc90(1),doc94(1),
"auto" : doc73(1),
"autochthon" : doc16(1),
"autogen" : doc17(1),
"autolog" : doc43(1),
"automat" : doc32(1),
"autotranspl" : doc73(3),
"autul" : doc32(1),
"avail" : doc13(2),doc59(1),doc62(1),doc66(1),doc72(1),doc90(3),doc94(1),doc99(1),
"averag" : doc3(1),doc52(1),doc54(1),doc74(3),
"awar" : doc85(1),doc90(1),
"b" : doc37(2),doc42(4),doc78(1),doc79(1),
"b1" : doc20(1),
"b2" : doc20(1),
"babi" : doc91(2),doc93(3),
"back" : doc21(1),
"balanc" : doc33(4),doc35(1),doc47(1),doc54(1),doc69(2),doc75(1),
"bare" : doc94(1),
"barrier" : doc21(2),
"basal" : doc62(1),
"base" : doc18(1),doc30(1),doc34(1),doc52(1),doc76(1),doc89(1),
"basic" : doc18(1),doc36(1),doc42(1),
"be" : doc13(1),doc18(1),doc22(1),doc25(1),doc32(1),doc62(1),doc78(1),
"bear" : doc26(1),doc77(3),
"becam" : doc61(1),doc94(1),
"becaus" : doc42(1),doc50(1),doc84(1),doc88(1),
"becom" : doc23(1),doc60(1),doc93(1),doc102(1),
"been" : doc2(1),doc4(1),doc12(1),doc13(1),doc17(1),doc21(1),doc25(1),doc27(2),doc29(1),doc33(3),doc34(2),doc40(1),doc41(1),doc47(2),doc48(1),doc49(2),doc50(1),doc51(1),doc55(3),doc60(1),doc66(1),doc73(1),doc74(1),doc76(2),doc79(1),doc80(1),doc81(1),doc83(1),doc85(2),doc86(1),
"befor" : doc40(1),doc55(1),doc70(1),doc84(1),doc97(1),doc99(1),
"begin" : doc74(1),doc100(1),
"behavior" : doc59(1),doc91(1),doc93(2),doc97(1),
"behind" : doc75(1),
"beim" : doc30(2),
"believ" : doc16(1),
"below" : doc2(1),doc74(2),
"bendrofluazid" : doc35(1),
"benefici" : doc2(1),doc54(1),
"benefit" : doc88(1),
"benzen" : doc13(1),
"benzpyren" : doc16(1),doc23(1),
"berson" : doc86(1),
"best" : doc45(1),doc102(1),
"better" : doc21(2),doc90(1),doc102(1),
"between" : doc7(1),doc13(1),doc14(1),doc21(1),doc49(1),doc51(1),doc66(1),doc85(1),doc89(1),doc93(2),doc94(1),
"bi" : doc32(1),doc99(1),
"bibliographi" : doc13(1),
"bicarbon" : doc35(1),
"big" : doc97(1),
"bilater" : doc43(1),
"biliti" : doc28(1),
"biliz" : doc66(1),
"bind" : doc3(1),doc34(2),doc55(2),
"bio" : doc29(1),
"bioassai" : doc36(1),doc76(1),
"biochemist" : doc85(1),
"biochemistri" : doc67(1),
"biolog" : doc2(3),doc12(1),doc13(2),doc36(3),doc65(1),doc74(1),
"biosynthesi" : doc11(1),doc38(1),doc85(1),
"biphas" : doc49(1),
"birth" : doc19(1),doc84(1),doc99(2),doc100(1),
"birthdai" : doc99(1),
"bladder" : doc37(1),
"bled" : doc27(1),
"blind" : doc83(1),
"block" : doc18(1),doc32(1),doc62(1),
"blood" : doc2(1),doc29(3),doc32(2),doc39(1),doc48(1),doc52(1),doc56(1),doc58(2),doc78(1),doc80(1),doc85(1),doc86(1),
"blunt" : doc62(1),
"bodi" : doc2(1),doc10(2),doc27(1),doc32(1),doc55(1),doc56(1),doc66(1),doc73(4),doc77(4),
"boil" : doc42(1),
"bolic" : doc48(1),
"bone" : doc3(1),doc47(4),doc67(3),doc69(2),doc81(3),doc82(1),doc87(1),
"boni" : doc41(1),
"both" : doc7(1),doc12(1),doc13(1),doc17(1),doc18(1),doc19(1),doc22(2),doc39(1),doc42(1),doc44(2),doc47(1),doc49(1),doc55(1),doc62(1),doc70(1),doc71(1),doc74(1),doc75(1),doc77(1),doc78(1),doc79(2),doc81(1),doc93(1),doc94(1),doc97(1),
"bound" : doc13(1),doc27(2),doc58(1),doc80(1),
"bovin" : doc15(1),doc54(2),doc65(4),doc79(1),
"boyc" : doc34(2),
"bp" : doc23(1),
"brain" : doc10(1),doc47(1),
"breech" : doc99(1),
"bring" : doc67(1),
"broad" : doc28(1),
"bromobenzen" : doc13(1),
"brought" : doc50(1),
"buccal" : doc43(1),
"build" : doc94(2),
"bulk" : doc39(1),
"byg" : doc15(3),
"c" : doc65(2),
"c1" : doc36(1),
"c14" : doc79(2),
"c2" : doc36(1),
"c57bl" : doc19(1),doc23(1),
"ca" : doc32(1),doc42(1),doc52(1),
"ca15" : doc47(3),
"ca45" : doc47(1),
"cadmium" : doc13(1),
"calcif" : doc38(1),doc43(2),
"calciphi" : doc43(1),
"calciphylact" : doc43(2),
"calciphylaxi" : doc43(1),
"calcitonin" : doc67(1),
"calcium" : doc29(1),doc30(1),doc31(2),doc33(6),doc35(3),doc47(2),doc49(7),doc67(1),doc69(1),
"calciur" : doc69(1),
"calculi" : doc34(1),
"calculu" : doc34(4),
"call" : doc63(1),doc93(1),
"cameron" : doc67(1),
"can" : doc7(1),doc13(1),doc27(1),doc31(1),doc32(1),doc42(1),doc43(2),doc49(1),doc51(1),doc64(1),doc70(1),doc80(1),doc84(1),doc89(1),doc90(1),doc91(1),doc93(1),doc96(1),doc101(1),
"canada" : doc90(1),
"canadian" : doc90(2),
"cancer" : doc15(1),doc20(1),doc25(1),doc27(12),doc28(3),
"canin" : doc17(1),
"cannot" : doc50(1),doc64(1),doc75(1),
"cap" : doc81(2),
"capabl" : doc1(1),doc21(1),
"capac" : doc15(1),doc19(1),doc42(1),doc55(1),doc73(1),
"capsid" : doc18(4),
"capsul" : doc42(1),doc73(3),
"carbohydr" : doc66(2),
"carcino" : doc28(1),
"carcinogen" : doc68(1),
"carcinogenesi" : doc28(2),
"carcinoma" : doc17(2),doc20(1),doc27(3),doc41(2),
"cardiovascular" : doc43(2),
"care" : doc89(2),doc93(2),
"carefulli" : doc88(1),
"carenc" : doc29(1),
"cari" : doc0(1),doc1(2),
"carp" : doc54(1),
"carri" : doc2(1),doc15(1),doc25(1),doc30(1),doc38(1),doc48(1),doc50(1),doc71(2),
"carrier" : doc2(1),
"cartilag" : doc56(2),doc66(1),doc73(1),doc81(3),
"case" : doc13(1),doc17(1),doc20(3),doc27(1),doc35(1),doc37(1),doc42(1),doc44(1),doc58(1),doc75(1),doc85(1),doc87(1),doc93(1),doc96(2),doc99(7),doc101(1),doc102(1),
"cast" : doc38(1),
"catch" : doc74(1),
"catechol" : doc57(1),
"categori" : doc72(1),
"cau" : doc52(1),
"caudal" : doc54(1),
"caus" : doc7(1),doc11(1),doc12(1),doc29(1),doc32(1),doc35(1),doc37(1),doc38(1),doc54(1),doc74(2),doc93(1),
"causal" : doc89(1),
"ceiv" : doc38(1),doc71(1),
"celebr" : doc94(1),
"cell" : doc2(2),doc6(4),doc14(2),doc16(2),doc18(8),doc19(1),doc21(1),doc24(2),doc25(1),doc26(5),doc27(2),doc28(4),doc39(1),doc41(1),doc48(1),doc60(2),doc66(1),doc85(3),
"cellular" : doc28(1),
"cellulos" : doc35(1),
"cent" : doc37(1),doc46(1),doc52(1),doc63(1),doc99(2),
"center" : doc9(1),doc75(1),
"centrat" : doc48(1),
"cerebr" : doc94(1),
"certain" : doc13(1),doc27(1),doc32(1),doc33(1),doc42(1),doc53(1),doc76(1),doc85(1),doc93(1),
"certainli" : doc30(1),doc74(1),doc80(1),
"chain" : doc93(1),
"challeng" : doc15(2),
"chamber" : doc19(1),
"chanc" : doc34(1),
"chang" : doc9(3),doc21(1),doc27(1),doc29(1),doc32(1),doc33(2),doc43(1),doc49(1),doc50(1),doc69(1),doc78(2),doc79(2),doc81(2),doc86(1),doc93(2),doc94(1),doc102(1),
"charac" : doc29(1),
"charact" : doc21(3),
"character" : doc9(1),doc21(1),doc25(1),doc80(1),
"characteri" : doc69(1),
"characterist" : doc20(1),doc87(1),doc99(1),
"chemic" : doc2(1),doc28(1),doc29(1),doc36(1),doc59(1),doc68(1),doc82(2),
"chez" : doc29(1),
"chiasm" : doc87(1),
"chick" : doc2(1),doc11(2),
"chicken" : doc14(2),
"chiefli" : doc0(1),
"child" : doc58(2),doc89(1),doc92(1),doc93(1),doc98(1),doc99(1),doc100(1),doc101(2),doc102(1),
"childhood" : doc87(1),doc89(1),
"children" : doc1(1),doc74(2),doc78(2),doc88(1),doc89(2),doc90(2),doc92(1),doc93(1),doc94(10),doc95(1),doc97(2),doc98(1),doc100(1),doc101(1),
"chlorid" : doc42(1),doc46(1),doc63(1),
"chlorothiazid" : doc35(1),
"choic" : doc37(1),
"cholanthren" : doc68(1),
"cholesterol" : doc29(2),doc78(2),
"cholin" : doc5(2),
"cholineselenol" : doc5(1),
"cholinethiol" : doc5(1),
"chondrogenesi" : doc29(1),
"chondroitin" : doc11(2),
"chro" : doc75(1),
"chromium" : doc13(1),doc33(1),
"chronic" : doc7(1),doc27(1),doc29(1),
"cient" : doc49(1),
"circul" : doc39(1),
"cirrhosi" : doc7(1),
"citi" : doc90(1),
"class" : doc1(1),
"classic" : doc83(1),
"classif" : doc20(1),
"clastin" : doc82(1),
"clear" : doc14(1),doc30(1),doc34(1),
"clearanc" : doc30(3),doc78(1),
"cleft" : doc92(1),doc102(2),
"clinic" : doc45(1),doc52(1),doc55(1),doc63(1),doc92(1),doc93(1),doc99(1),
"cloakroom" : doc94(1),
"close" : doc2(1),doc34(1),doc93(1),
"cm" : doc18(1),doc55(2),
"co" : doc18(1),
"co2" : doc48(1),
"cobalt" : doc13(1),
"cocorticoid" : doc52(1),
"code" : doc98(1),
"coeffici" : doc18(2),
"cold" : doc63(1),
"coliti" : doc27(1),
"collagen" : doc82(2),
"colleagu" : doc34(1),doc78(1),
"collect" : doc1(1),
"colloid" : doc34(1),
"colon" : doc27(7),
"coma" : doc14(1),
"combin" : doc2(1),doc84(1),
"comfortless" : doc94(1),
"common" : doc9(1),doc14(1),
"commonli" : doc89(1),
"commun" : doc90(4),doc93(1),doc95(1),doc101(1),
"compar" : doc5(2),doc6(1),doc21(1),doc29(1),doc30(1),doc33(1),doc48(1),doc49(1),doc52(1),doc54(1),doc55(1),doc58(1),doc65(1),doc71(1),
"comparini" : doc50(1),
"comparison" : doc3(1),doc21(1),doc90(1),
"compartment" : doc100(1),
"compendium" : doc13(1),
"compet" : doc19(1),doc102(1),
"competit" : doc102(1),
"complement" : doc33(1),doc63(1),
"complet" : doc17(1),doc36(1),doc44(1),doc64(1),doc84(1),doc93(3),
"complex" : doc46(1),doc47(1),doc89(1),
"complic" : doc99(1),
"compon" : doc22(1),
"composit" : doc57(1),doc82(3),
"compound" : doc2(1),doc6(3),doc8(1),doc68(1),
"comprehens" : doc89(1),
"con" : doc28(1),doc48(1),
"concentr" : doc10(1),doc15(2),doc21(3),doc27(1),doc48(3),doc65(1),doc66(2),doc69(1),doc70(1),doc79(1),doc86(1),
"concentra" : doc15(1),doc32(1),doc49(1),doc55(1),
"concentrat" : doc18(1),
"concept" : doc19(1),
"concern" : doc59(1),
"conclud" : doc15(1),doc18(1),doc43(1),doc56(1),doc64(1),doc69(1),
"conclus" : doc88(1),
"concomitantli" : doc69(1),
"concret" : doc34(1),
"condit" : doc33(2),doc37(1),doc40(1),doc62(1),doc79(1),
"confirm" : doc78(1),doc80(1),
"confus" : doc89(1),
"congenit" : doc92(1),doc102(1),
"congest" : doc9(1),
"conn" : doc50(1),
"connect" : doc93(1),
"consequ" : doc93(1),
"consid" : doc1(1),doc28(1),doc47(1),doc50(1),doc91(1),doc95(1),doc100(1),
"consider" : doc13(2),doc28(1),doc51(1),doc59(1),doc72(1),doc73(1),doc78(1),doc79(1),
"consist" : doc9(2),doc42(1),doc69(1),doc85(1),doc93(4),
"constant" : doc71(1),doc78(1),doc98(1),
"constitut" : doc75(1),
"consult" : doc101(1),
"consumpt" : doc10(1),
"contact" : doc93(1),
"contain" : doc0(1),doc2(1),doc14(1),doc18(1),doc22(1),doc23(2),doc26(1),doc39(1),doc54(2),doc56(2),doc94(1),
"content" : doc0(1),doc1(2),doc23(1),doc48(1),doc49(1),doc54(1),doc56(1),doc71(1),doc82(2),
"context" : doc15(1),
"continu" : doc30(1),doc33(1),doc61(1),doc92(2),doc94(1),
"contradictori" : doc5(1),
"contrari" : doc50(1),
"contrast" : doc5(1),doc18(1),doc49(1),
"contribut" : doc30(1),doc84(1),
"control" : doc17(1),doc20(1),doc35(1),doc43(1),doc46(2),doc50(2),doc56(1),doc66(1),doc71(5),doc73(1),doc78(1),doc82(1),doc83(2),doc85(1),doc93(1),doc97(1),
"convers" : doc21(1),doc43(1),
"copp" : doc67(1),
"correct" : doc34(1),doc44(1),
"correl" : doc66(1),doc75(1),
"cortico" : doc64(1),
"corticosteroid" : doc52(1),
"corticotropin" : doc63(1),doc64(1),doc80(1),
"cortisol" : doc52(2),doc64(1),doc77(3),
"cortison" : doc17(1),doc35(1),
"cosmet" : doc102(1),
"could" : doc8(1),doc14(3),doc18(1),doc20(2),doc21(1),doc27(1),doc40(1),doc45(1),doc50(1),doc68(1),doc74(1),
"cours" : doc28(1),doc44(1),doc50(2),
"cow" : doc39(3),
"creas" : doc47(2),doc48(1),doc49(1),doc69(1),doc75(1),
"creat" : doc98(1),
"creatin" : doc75(1),
"creatinuria" : doc75(1),
"crippl" : doc102(1),
"crisi" : doc44(1),
"criteria" : doc88(1),doc100(1),
"critic" : doc101(1),
"cross" : doc27(2),
"crude" : doc55(1),doc56(1),doc64(1),
"crystal" : doc34(4),
"crystallin" : doc34(1),
"cul" : doc18(1),
"cular" : doc17(1),
"culti" : doc42(1),
"cultur" : doc26(3),
"cumul" : doc56(1),doc93(2),
"current" : doc28(1),doc72(1),doc89(2),
"curv" : doc19(1),
"cut" : doc14(1),
"cycl" : doc93(3),
"cyclopentanecarboxyl" : doc79(1),
"cystin" : doc12(1),
"cystiti" : doc37(4),
"cytoma" : doc57(2),
"cytopath" : doc26(1),
"cytoplasm" : doc18(1),
"cytotox" : doc6(2),
"d" : doc2(2),doc30(2),doc33(3),doc49(8),
"dai" : doc3(1),doc11(1),doc19(4),doc21(1),doc27(1),doc34(1),doc39(1),doc42(1),doc47(1),doc50(2),doc52(2),doc54(6),doc56(1),doc58(2),doc63(1),doc64(1),doc71(5),doc73(1),doc74(2),doc76(1),doc78(2),doc82(2),doc91(1),
"daili" : doc3(1),doc10(1),doc54(2),doc71(2),doc73(1),doc78(1),
"damag" : doc43(1),doc93(1),
"data" : doc38(2),doc47(2),doc97(1),doc99(1),
"date" : doc36(1),doc67(1),
"daughter" : doc26(1),
"de" : doc29(2),doc38(1),doc40(1),doc47(1),doc61(1),doc66(1),
"deaf" : doc95(2),
"deal" : doc59(1),doc95(1),doc100(2),doc102(1),
"dealt" : doc100(1),
"death" : doc3(1),doc27(1),doc70(1),
"decapit" : doc84(1),
"decid" : doc45(1),
"declin" : doc50(2),
"decod" : doc97(1),
"decomposit" : doc12(1),
"decreas" : doc20(1),doc23(1),doc50(2),doc56(2),doc70(1),doc74(1),
"decrement" : doc56(1),
"defect" : doc58(1),doc75(1),doc85(1),doc90(1),doc94(1),doc102(2),
"defici" : doc19(1),doc29(1),doc47(3),doc49(3),doc58(3),doc73(1),doc74(2),doc78(1),doc85(2),doc88(3),doc97(2),
"defin" : doc60(1),
"definit" : doc7(1),
"degen" : doc9(2),
"degener" : doc9(1),
"degrad" : doc18(1),
"degre" : doc50(1),doc65(1),
"del" : doc73(1),
"delai" : doc29(1),doc78(1),
"delet" : doc28(2),
"delic" : doc42(1),
"deliveri" : doc99(2),
"demand" : doc85(1),
"demon" : doc14(1),
"demonstr" : doc7(1),doc14(4),doc20(2),doc24(1),doc26(1),doc27(1),doc28(1),doc35(2),doc40(2),doc47(1),doc51(2),doc55(1),doc86(1),doc87(2),
"dens" : doc29(1),
"dental" : doc0(1),doc1(2),
"deoxyribonucl" : doc71(1),
"depart" : doc94(2),
"departur" : doc93(1),
"depend" : doc27(1),doc95(1),
"deplet" : doc47(1),doc66(1),
"deposi" : doc38(1),
"deposit" : doc3(1),doc82(1),
"depot" : doc39(1),
"depress" : doc48(1),doc56(2),
"derail" : doc93(4),
"deriv" : doc6(3),doc21(1),doc35(1),
"descend" : doc10(1),
"describ" : doc35(1),doc52(1),doc58(1),doc65(1),doc85(1),doc89(1),doc92(1),
"descript" : doc89(1),
"design" : doc13(1),doc89(1),doc93(1),
"desir" : doc85(1),
"desorb" : doc42(1),
"despit" : doc55(1),doc83(1),
"destroi" : doc18(1),doc27(1),
"destruct" : doc2(1),doc47(1),doc59(1),
"detail" : doc67(1),doc89(1),
"detect" : doc15(4),doc18(2),doc21(1),doc22(1),doc24(2),doc25(1),doc26(1),doc27(1),doc66(1),doc95(1),doc101(1),
"deter" : doc19(1),
"determin" : doc0(1),doc2(1),doc18(1),doc21(1),doc31(2),doc36(1),doc47(1),doc56(1),doc62(1),doc71(2),doc76(1),doc77(1),doc80(1),
"detriment" : doc2(1),
"deuteronomist" : doc91(1),
"develop" : doc18(1),doc21(1),doc24(1),doc28(1),doc47(1),doc57(1),doc73(3),doc74(2),doc81(1),doc83(1),doc84(2),doc85(1),doc89(1),doc90(1),doc93(3),
"dextrin" : doc43(2),
"di" : doc9(1),doc32(1),doc50(1),
"diabet" : doc56(6),doc59(1),doc66(1),doc72(2),doc80(1),doc83(4),doc85(2),doc86(1),
"diabetogen" : doc7(1),doc83(2),
"diagnosi" : doc35(1),doc45(3),doc57(1),doc62(1),doc78(1),doc95(1),
"diagnost" : doc74(1),doc78(1),doc89(1),doc100(1),
"dialogu" : doc93(7),
"dichlorid" : doc32(1),
"did" : doc11(1),doc18(1),doc26(2),doc30(2),doc38(1),doc49(1),doc50(1),doc55(1),doc69(1),doc71(1),doc73(1),doc82(1),doc91(1),doc94(1),
"diencephal" : doc87(2),
"diet" : doc47(1),doc78(1),doc83(1),
"dietari" : doc2(2),doc35(1),doc49(2),
"diethylstilbestrol" : doc39(1),
"dif" : doc20(1),
"differ" : doc7(2),doc14(3),doc20(1),doc21(4),doc25(1),doc30(1),doc35(1),doc46(1),doc50(2),doc55(1),doc69(1),doc71(1),doc98(1),
"differenti" : doc28(2),doc44(1),doc78(1),
"diffi" : doc42(1),
"diffus" : doc9(1),doc18(1),doc19(1),doc25(1),doc27(1),
"digest" : doc13(1),doc18(1),
"dilut" : doc46(1),doc54(1),doc65(1),
"diminish" : doc56(1),doc75(1),doc80(1),
"din" : doc43(4),
"direct" : doc21(1),doc23(1),doc38(1),doc51(1),doc66(1),doc80(1),doc93(1),
"directli" : doc44(1),doc62(1),
"disabl" : doc102(1),
"disappear" : doc20(1),doc39(1),doc86(1),
"disappoint" : doc96(1),
"disciplin" : doc28(1),
"discov" : doc28(1),
"discrimin" : doc97(2),
"discriminatori" : doc15(1),
"discuss" : doc7(1),doc19(1),doc29(1),doc35(2),doc49(1),doc57(1),doc67(1),doc75(1),doc89(1),doc93(1),
"diseas" : doc13(1),doc30(1),doc45(1),
"diselenid" : doc5(1),
"disord" : doc85(1),doc89(1),doc99(1),
"dispens" : doc93(1),
"distal" : doc40(1),
"distanc" : doc97(1),
"distribut" : doc8(1),doc10(2),doc20(1),doc39(3),doc79(3),doc99(1),
"disturb" : doc30(1),doc83(1),doc87(1),doc93(1),
"disulfid" : doc5(1),
"divid" : doc72(1),
"dna" : doc27(4),doc71(3),
"dnase" : doc27(1),
"do" : doc15(1),doc54(2),doc73(1),doc80(1),doc84(1),doc98(1),
"document" : doc45(1),
"doe" : doc5(1),doc50(1),doc85(1),doc88(1),
"dog" : doc7(1),doc13(1),doc17(1),doc40(2),doc51(4),
"domest" : doc13(3),
"donor" : doc64(1),
"dosag" : doc15(2),doc30(1),doc61(1),doc62(1),doc74(2),doc78(1),
"dose" : doc3(2),doc13(2),doc22(2),doc24(1),doc32(1),doc46(4),doc49(3),doc52(1),doc54(3),doc55(2),doc64(2),doc71(2),doc75(5),doc76(2),doc77(1),
"dote" : doc32(1),
"doubl" : doc17(1),doc25(1),doc27(1),doc58(1),doc99(1),
"dr" : doc67(1),
"drag" : doc102(1),
"dri" : doc63(1),
"drink" : doc7(1),
"drop" : doc52(1),
"droxyprolin" : doc69(1),
"drug" : doc32(1),doc37(1),
"duce" : doc69(1),
"duct" : doc16(1),
"due" : doc2(1),doc7(1),doc69(1),doc81(1),
"durat" : doc10(1),doc52(1),doc54(1),doc56(1),
"dure" : doc0(1),doc21(1),doc23(1),doc26(1),doc50(2),doc53(1),doc55(1),doc71(2),doc75(2),doc78(2),doc86(1),doc97(2),
"dwarf" : doc55(1),doc61(2),doc63(1),doc74(3),doc78(3),
"dwarfism" : doc55(1),doc61(1),doc74(2),
"dynam" : doc93(1),
"dystrophi" : doc2(1),
"e" : doc2(3),doc42(1),doc75(1),
"e.f" : doc94(1),
"each" : doc2(1),doc77(1),doc89(1),doc92(1),doc93(2),doc97(1),
"earli" : doc9(1),doc27(1),doc62(1),doc90(1),doc101(1),
"earlier" : doc80(1),
"easier" : doc4(1),
"econom" : doc1(1),
"ectom" : doc73(1),
"ed" : doc18(1),
"edema" : doc9(1),
"edg" : doc102(1),
"educ" : doc94(3),
"eeg" : doc99(1),
"effect" : doc0(1),doc1(1),doc2(2),doc3(1),doc4(2),doc5(2),doc7(1),doc16(1),doc17(1),doc19(1),doc23(1),doc26(1),doc32(1),doc33(1),doc35(3),doc36(4),doc37(1),doc39(1),doc42(1),doc43(2),doc47(1),doc48(1),doc49(3),doc54(1),doc55(3),doc61(1),doc62(4),doc63(1),doc64(1),doc66(4),doc68(1),doc70(4),doc73(1),doc74(2),doc75(2),doc76(1),doc77(4),doc78(1),doc82(6),doc83(3),doc84(1),doc85(6),doc90(1),doc97(2),
"effer" : doc16(1),
"effet" : doc29(1),
"efficaci" : doc15(1),
"effici" : doc18(1),doc90(1),
"effort" : doc88(1),doc93(1),
"egg" : doc0(3),
"eight" : doc32(1),doc37(1),doc94(1),
"eighteen" : doc99(1),
"either" : doc18(1),doc33(1),doc36(1),doc47(1),doc62(1),doc71(1),
"el" : doc38(1),
"electrophoresi" : doc78(1),
"element" : doc0(1),doc13(1),doc34(1),doc42(1),
"elementari" : doc93(1),
"elev" : doc38(1),doc71(1),doc79(2),
"elicit" : doc43(1),
"emaci" : doc87(1),
"embryo" : doc11(3),doc26(2),
"emerg" : doc80(1),
"emiss" : doc42(1),
"emot" : doc93(1),doc100(3),
"emphas" : doc28(1),
"emphasi" : doc94(1),
"enat" : doc56(1),
"enc" : doc18(1),
"encapsul" : doc44(1),
"encephalomyocard" : doc18(2),
"encod" : doc97(1),
"encourag" : doc56(2),
"encrust" : doc37(3),
"endocrin" : doc64(1),doc76(1),
"endogen" : doc74(1),doc86(1),
"energi" : doc42(2),doc66(1),doc85(1),
"enhanc" : doc2(1),doc5(1),doc22(4),doc24(5),doc77(1),doc82(2),
"enlarg" : doc77(1),
"ensur" : doc32(1),
"entertain" : doc94(1),
"entir" : doc26(1),doc50(1),doc94(1),doc95(1),
"entri" : doc79(1),
"environ" : doc21(1),
"enzym" : doc70(1),doc76(3),doc85(1),
"enzymat" : doc5(1),doc28(1),
"eosinophil" : doc57(1),
"epilept" : doc94(1),
"epinephrin" : doc64(7),
"epiphys" : doc73(4),doc75(2),
"epiphysi" : doc56(1),
"equal" : doc6(1),
"equilibrium" : doc47(1),
"equival" : doc52(2),doc54(2),doc56(1),
"error" : doc1(1),
"erythrocyt" : doc18(1),
"esophagu" : doc43(1),
"especi" : doc2(1),doc33(1),
"essenti" : doc54(1),
"establish" : doc21(1),doc90(1),
"ester" : doc5(1),
"esteras" : doc32(2),
"estradiol" : doc77(3),doc79(1),
"estrogen" : doc62(1),doc81(5),
"et" : doc29(1),doc36(1),doc73(1),
"ethanolamin" : doc18(1),
"ether" : doc32(1),
"etiolog" : doc30(1),doc57(1),doc89(1),
"europ" : doc90(1),
"euryhalin" : doc54(1),
"evalu" : doc45(2),doc48(1),doc88(1),doc89(1),doc99(1),
"even" : doc15(1),doc32(1),doc42(1),doc78(1),doc93(1),doc94(1),
"event" : doc28(1),doc85(1),
"ever" : doc38(1),
"everi" : doc54(1),doc71(1),doc88(1),doc90(1),doc98(2),
"evert" : doc4(1),
"evid" : doc13(1),doc27(1),doc28(3),doc33(1),doc71(1),doc88(1),
"evolut" : doc91(1),
"ew" : doc9(1),doc27(2),
"ex" : doc56(1),
"examin" : doc30(2),doc79(1),doc85(1),doc93(1),
"except" : doc33(1),doc75(1),doc82(2),
"excess" : doc85(1),
"exchang" : doc36(1),doc47(7),doc93(2),
"exclus" : doc26(1),doc35(1),
"excret" : doc3(2),doc13(2),doc32(3),doc39(2),doc40(1),doc45(1),doc46(1),doc48(2),doc69(2),doc75(2),doc78(4),
"exercis" : doc86(1),
"exert" : doc5(1),doc85(1),
"exist" : doc28(1),doc51(1),
"exogen" : doc68(1),doc69(1),
"expect" : doc33(1),doc42(1),doc50(1),
"experi" : doc3(1),doc11(1),doc28(1),doc40(1),doc43(1),doc45(1),doc73(1),doc83(1),doc84(1),doc93(2),
"experiment" : doc40(1),doc83(1),doc89(1),doc93(1),doc94(1),
"explain" : doc5(1),doc75(1),
"explic" : doc93(1),
"explor" : doc33(1),doc44(1),doc89(1),
"expos" : doc13(1),doc68(1),
"exposur" : doc21(1),
"express" : doc21(2),doc85(1),
"extend" : doc19(1),
"extens" : doc13(1),doc89(1),doc93(1),
"extent" : doc11(2),doc84(1),doc89(1),doc93(1),
"extern" : doc54(2),
"extracellular" : doc48(1),doc85(1),
"extract" : doc14(1),doc25(1),doc36(1),doc38(1),doc47(4),doc54(1),doc55(1),doc56(2),doc63(1),doc64(2),
"f" : doc54(3),
"f1" : doc19(1),doc21(2),
"facial" : doc32(1),
"fact" : doc2(1),doc29(1),doc50(2),doc85(2),doc88(1),
"factor" : doc1(1),doc22(1),doc24(1),doc34(4),doc36(1),doc64(1),doc66(1),doc73(1),doc75(4),doc76(1),doc80(1),doc83(1),doc87(1),doc88(1),doc89(2),
"fail" : doc37(2),doc69(1),doc72(1),doc81(1),
"failur" : doc54(4),doc87(2),
"fairli" : doc89(1),
"fall" : doc45(1),doc48(2),doc49(2),doc78(1),
"fals" : doc31(1),
"far" : doc7(1),doc33(1),doc74(1),
"fascicula" : doc29(1),
"fashion" : doc21(1),
"fasolo" : doc42(1),
"fast" : doc53(1),doc58(1),doc78(1),doc86(1),
"faster" : doc97(1),
"fat" : doc66(2),doc78(2),doc80(1),doc85(1),doc87(1),
"fatti" : doc53(1),doc65(2),doc66(3),doc80(1),
"favor" : doc83(1),
"favour" : doc45(1),doc73(1),doc94(1),
"fe" : doc43(4),
"feasibl" : doc62(1),doc101(1),
"featur" : doc42(1),doc87(1),doc98(2),
"febril" : doc50(1),
"fecal" : doc3(1),doc13(1),
"fect" : doc18(1),
"fed" : doc9(1),doc10(1),doc49(3),
"feed" : doc10(1),
"fell" : doc55(1),
"femal" : doc46(1),doc56(1),
"ferenti" : doc20(1),
"ferric" : doc43(2),
"fertil" : doc60(1),
"fetal" : doc84(6),
"fetu" : doc84(4),
"fetus" : doc84(1),
"fever" : doc50(3),
"few" : doc50(1),doc54(1),doc67(1),doc73(2),doc74(1),
"fibrocartilag" : doc81(2),
"fibrosarcomata" : doc16(1),
"fibrosi" : doc9(1),
"fic" : doc14(1),
"field" : doc28(1),doc102(1),
"figur" : doc96(1),
"fill" : doc42(1),
"film" : doc42(2),
"filtrat" : doc51(2),
"final" : doc28(1),doc35(1),doc94(1),
"find" : doc27(1),doc44(1),doc85(1),doc93(2),
"first" : doc59(1),doc61(1),doc74(2),doc83(1),doc92(1),doc94(2),doc95(1),
"fish" : doc54(5),
"five" : doc50(1),doc74(1),
"flap" : doc92(1),
"flow" : doc40(4),doc59(1),doc95(1),
"fluid" : doc18(1),
"fluoresc" : doc26(1),doc27(2),
"fluorid" : doc33(1),
"fluorin" : doc13(1),
"focal" : doc9(1),
"foetal" : doc25(1),
"fol" : doc49(1),doc66(1),
"fold" : doc46(1),
"follicl" : doc77(1),
"follow" : doc2(1),doc10(1),doc17(1),doc19(1),doc29(1),doc37(1),doc39(1),doc45(1),doc49(1),doc56(1),doc65(2),doc66(3),doc76(1),doc86(2),doc92(3),doc93(1),doc96(2),
"foreign" : doc17(1),doc21(3),
"form" : doc15(2),doc18(1),doc20(1),doc30(1),doc34(2),doc42(1),doc61(1),doc85(1),doc93(1),
"forma" : doc38(1),
"formal" : doc98(2),
"format" : doc18(1),doc27(1),doc29(1),doc34(3),doc81(1),doc85(2),doc102(1),
"former" : doc22(1),
"forsham" : doc62(1),
"forti" : doc45(1),
"found" : doc0(1),doc3(1),doc9(2),doc15(1),doc18(1),doc19(1),doc21(1),doc22(1),doc24(1),doc29(1),doc31(2),doc33(1),doc38(1),doc42(2),doc45(1),doc47(1),doc50(2),doc55(1),doc68(1),doc79(1),doc86(1),doc87(1),doc92(1),doc95(1),
"four" : doc32(1),doc39(1),doc45(1),doc47(1),doc69(1),doc79(1),doc86(1),doc94(1),
"fourteen" : doc11(1),
"fraction" : doc2(2),doc20(1),doc22(6),
"free" : doc14(1),doc26(1),doc53(1),doc65(2),doc66(1),doc80(1),
"frequenc" : doc19(1),doc41(1),
"frequent" : doc94(1),doc99(2),
"fresh" : doc0(1),doc54(3),
"friabl" : doc34(1),
"frog" : doc5(1),
"from" : doc1(1),doc3(1),doc4(1),doc9(1),doc13(1),doc16(2),doc18(1),doc20(3),doc21(1),doc25(1),doc26(1),doc27(2),doc28(2),doc34(1),doc36(1),doc39(3),doc46(2),doc47(3),doc50(2),doc54(3),doc55(1),doc56(4),doc60(2),doc63(1),doc66(2),doc69(1),doc71(2),doc72(1),doc73(1),doc74(1),doc78(2),doc80(1),doc84(2),doc88(2),doc89(1),doc93(3),doc94(2),doc95(1),doc97(1),doc98(1),
"fruit" : doc89(1),
"fta" : doc27(2),
"full" : doc64(1),
"fulli" : doc85(1),
"function" : doc2(1),doc30(1),doc46(1),doc78(1),doc85(1),doc88(1),doc89(2),doc98(1),doc102(1),
"fundament" : doc85(1),
"fundulu" : doc54(2),
"furth" : doc77(1),
"further" : doc6(1),doc14(1),doc36(1),doc60(1),doc73(1),doc101(1),
"furthermor" : doc69(1),doc81(1),
"futur" : doc85(1),
"g" : doc3(1),doc42(1),
"gain" : doc28(1),doc56(1),
"galactos" : doc4(1),
"gastrointestin" : doc9(1),
"gate" : doc15(1),
"gave" : doc14(1),doc27(1),
"gear" : doc101(1),
"gel" : doc25(1),doc27(1),
"gen" : doc18(1),doc28(1),
"geneic" : doc24(1),
"gener" : doc4(1),doc21(1),doc28(1),doc30(1),doc42(1),doc74(1),doc89(1),doc91(2),doc94(1),doc99(1),doc100(2),
"genesi" : doc28(1),doc91(1),
"genet" : doc26(1),doc83(1),
"genotyp" : doc21(2),
"gestat" : doc71(1),
"gfr" : doc50(1),doc51(2),
"gh" : doc73(4),doc74(2),
"gill" : doc34(1),
"girl" : doc55(1),
"give" : doc13(1),doc30(1),doc93(1),
"given" : doc3(1),doc7(1),doc13(1),doc22(2),doc28(2),doc32(1),doc46(5),doc47(1),doc64(1),doc76(1),doc82(1),doc89(1),doc97(2),
"glacial" : doc63(1),
"gland" : doc19(1),doc36(1),doc43(1),doc57(1),doc66(1),doc67(1),doc68(5),doc71(1),doc73(7),doc80(1),
"glasgow" : doc94(1),
"globular" : doc82(1),
"globulin" : doc2(1),doc15(1),doc20(2),doc27(1),
"glomerular" : doc29(1),doc51(2),
"glu" : doc52(1),
"glucocorticoid" : doc52(1),doc62(1),
"glucon" : doc31(3),
"glucos" : doc4(1),doc50(6),doc52(1),doc53(1),doc66(2),doc80(1),doc85(4),doc86(4),
"glycem" : doc50(1),
"glycemia" : doc66(1),
"glycogen" : doc85(1),
"glycoprotein" : doc38(7),
"glycosuria" : doc57(1),doc66(1),doc83(1),
"go" : doc94(1),
"gold" : doc42(1),
"golden" : doc94(1),
"good" : doc63(1),doc83(2),doc87(1),
"govern" : doc84(1),
"grade" : doc71(2),
"grader" : doc92(1),
"gradient" : doc93(1),
"gradual" : doc54(1),doc94(1),
"graft" : doc19(1),doc22(2),doc23(1),
"grain" : doc42(3),
"gram" : doc54(8),
"gratifi" : doc44(1),
"great" : doc61(1),doc74(1),
"greater" : doc11(1),doc48(1),doc52(1),doc56(1),doc71(1),doc75(1),doc84(1),
"greatli" : doc47(1),
"green" : doc26(2),
"gression" : doc28(1),
"grew" : doc21(2),doc55(1),doc61(2),
"gross" : doc45(1),
"group" : doc7(1),doc19(1),doc49(1),doc50(1),doc71(3),doc72(1),doc73(1),doc89(1),doc97(7),doc98(1),
"grown" : doc17(1),
"growth" : doc16(2),doc17(2),doc19(1),doc20(1),doc21(3),doc22(1),doc23(1),doc24(1),doc29(1),doc34(2),doc52(6),doc53(3),doc54(3),doc55(8),doc56(4),doc57(1),doc58(9),doc60(5),doc61(6),doc62(7),doc63(5),doc64(1),doc65(8),doc66(13),doc69(6),doc70(6),doc71(1),doc72(3),doc73(4),doc74(7),doc75(7),doc76(4),doc77(8),doc78(3),doc79(2),doc80(3),doc81(2),doc82(12),doc83(3),doc84(6),doc85(1),doc86(1),doc87(2),doc88(11),doc93(1),
"guinea" : doc5(2),
"gulat" : doc76(1),
"h" : doc21(7),doc62(1),doc70(1),doc75(1),
"h.m.i" : doc94(1),
"h3" : doc2(1),
"ha" : doc2(2),doc13(1),doc29(1),doc33(3),doc34(1),doc40(1),doc41(1),doc47(1),doc49(1),doc51(1),doc55(1),doc62(1),doc66(1),doc70(1),doc73(1),doc74(1),doc76(1),doc78(1),doc80(2),doc83(1),doc85(1),doc86(1),doc90(1),doc92(1),doc93(1),doc94(1),doc96(1),
"habib" : doc29(1),
"habit" : doc89(1),doc91(1),
"had" : doc1(1),doc4(1),doc15(2),doc17(2),doc18(1),doc21(1),doc37(1),doc47(1),doc49(1),doc54(1),doc65(1),doc70(1),doc75(1),doc76(2),doc77(2),doc82(2),
"half" : doc42(1),doc86(1),doc99(2),
"hall" : doc94(2),
"hamilton" : doc94(1),
"hamster" : doc26(2),
"handicap" : doc90(2),doc94(3),
"harsh" : doc102(1),
"have" : doc5(1),doc6(1),doc7(1),doc12(1),doc13(1),doc15(1),doc21(1),doc25(1),doc27(2),doc28(1),doc30(1),doc33(1),doc34(1),doc35(2),doc36(1),doc38(1),doc42(1),doc48(1),doc49(1),doc50(1),doc55(2),doc60(1),doc61(2),doc74(1),doc78(1),doc79(1),doc81(1),doc83(1),doc85(1),doc87(1),doc88(1),doc92(1),doc100(1),
"he" : doc61(3),
"headmistress" : doc94(1),
"hear" : doc90(5),doc99(1),doc101(1),
"hela" : doc6(3),doc25(1),
"help" : doc5(1),doc59(1),doc74(1),
"hemagglutin" : doc18(1),doc19(1),
"hematocrit" : doc56(2),
"hematolog" : doc56(1),
"hemorrhag" : doc9(1),
"henc" : doc18(1),doc43(1),
"hepat" : doc7(1),
"hepatectom" : doc38(1),
"hepatectomi" : doc38(2),
"her" : doc55(2),doc93(1),
"here" : doc41(1),doc59(1),doc67(1),
"hereditari" : doc102(1),
"heretofor" : doc58(1),
"heteroclitu" : doc54(5),
"heterolog" : doc16(1),doc25(1),
"hg" : doc46(1),
"hgh" : doc55(11),doc58(2),doc61(1),doc74(7),doc78(11),doc86(5),
"hi" : doc28(1),doc34(1),doc78(1),doc85(1),doc93(2),doc98(1),doc101(1),
"hibit" : doc52(1),
"hibitor" : doc55(1),
"high" : doc5(1),doc8(1),doc15(1),doc30(1),doc33(2),doc42(2),doc50(1),doc55(1),doc70(1),doc74(2),doc78(1),doc83(1),doc85(1),doc86(1),doc100(1),
"higher" : doc2(1),doc22(2),doc75(1),
"highest" : doc10(1),
"highli" : doc19(1),doc43(1),
"him" : doc93(1),
"hint" : doc59(1),
"hiroshig" : doc73(1),
"histocompat" : doc21(2),
"histolog" : doc29(1),doc81(2),
"histopatholog" : doc20(1),
"histor" : doc28(1),
"holist" : doc28(1),
"homog" : doc56(1),
"homogen" : doc27(1),doc74(1),
"homograft" : doc21(1),
"homolog" : doc74(1),
"homozyg" : doc21(2),
"hope" : doc90(2),doc100(1),
"hor" : doc49(1),doc52(1),doc66(1),
"horizont" : doc27(1),
"hormon" : doc33(1),doc36(8),doc40(2),doc41(1),doc43(1),doc47(1),doc49(4),doc52(5),doc53(3),doc54(4),doc55(4),doc56(3),doc57(1),doc58(4),doc59(1),doc61(1),doc62(7),doc63(4),doc64(2),doc65(10),doc66(10),doc67(1),doc68(1),doc69(4),doc70(6),doc71(2),doc72(1),doc73(2),doc74(4),doc75(6),doc76(4),doc77(3),doc78(3),doc79(5),doc80(3),doc81(3),doc82(7),doc83(3),doc85(2),doc86(1),doc87(1),doc88(9),
"hormonelik" : doc58(1),
"host" : doc16(1),doc17(2),doc21(4),doc28(1),
"hot" : doc63(1),
"hour" : doc32(3),doc39(1),doc46(2),doc47(1),doc50(2),doc52(1),doc65(1),doc86(1),
"houssai" : doc83(1),
"how" : doc38(1),
"howev" : doc13(1),doc18(1),doc20(1),doc21(2),doc23(1),doc46(1),doc50(1),doc64(1),doc70(1),doc73(1),doc93(1),
"hr" : doc3(1),doc18(1),doc79(2),
"human" : doc1(1),doc6(1),doc25(3),doc26(3),doc27(3),doc42(1),doc52(2),doc54(1),doc55(5),doc58(1),doc61(1),doc62(1),doc63(2),doc65(1),doc66(1),doc69(2),doc70(1),doc74(2),doc75(2),doc78(2),doc88(2),doc89(1),doc91(1),doc93(1),
"humphrei" : doc18(1),
"hy" : doc41(1),doc69(1),
"hybrid" : doc19(1),doc21(2),
"hydrocortison" : doc79(1),
"hydrogen" : doc12(2),
"hydrolysi" : doc5(4),
"hydroperoxid" : doc12(1),
"hydroxyiminomethyl" : doc32(1),
"hydroxyprolin" : doc75(1),
"hyne" : doc96(1),
"hyper" : doc30(1),doc66(1),doc68(1),
"hypercalcem" : doc44(1),
"hypercalcemia" : doc41(2),
"hypercalciuria" : doc35(3),doc66(1),
"hypercholesterolaemia" : doc78(1),
"hyperglycemia" : doc57(1),doc83(1),
"hyperkaluria" : doc29(1),
"hyperparathyreoidismu" : doc30(1),
"hyperparathyroid" : doc30(1),doc44(1),doc45(3),
"hyperplast" : doc68(2),
"hypersecret" : doc57(1),
"hypertens" : doc57(2),
"hypertrophi" : doc29(1),
"hypo" : doc29(1),doc56(1),doc64(2),
"hypocalciur" : doc35(1),
"hypocalciuria" : doc29(1),
"hypochloremia" : doc54(1),
"hypoglycem" : doc52(1),
"hypoglycemia" : doc52(2),doc58(3),doc62(1),doc86(1),
"hypoparathyroid" : doc47(1),
"hypophi" : doc73(1),
"hypophys" : doc86(1),
"hypophysec" : doc65(1),
"hypophysectom" : doc54(3),doc56(1),doc64(1),doc70(1),doc76(1),doc79(1),doc81(7),doc82(5),
"hypophysectomi" : doc54(2),doc64(1),doc70(1),doc76(1),doc84(3),
"hypophyseoprivu" : doc84(3),
"hypophysi" : doc56(3),doc73(3),doc84(2),
"hypopi" : doc61(1),
"hypopituitar" : doc66(1),doc88(3),
"hypopituitari" : doc52(1),doc61(1),doc74(5),doc78(4),
"hypothalamu" : doc66(1),
"hypothesi" : doc28(1),doc34(2),doc83(1),
"hypothet" : doc67(1),
"hypothyroid" : doc78(1),
"hypoton" : doc54(2),
"hypotonia" : doc99(1),
"hysiolog" : doc75(1),
"i" : doc0(1),doc1(1),doc2(1),doc3(1),doc4(1),doc5(1),doc6(1),doc7(1),doc8(1),doc9(1),doc10(1),doc11(1),doc12(1),doc13(1),doc14(1),doc15(1),doc16(1),doc17(1),doc18(1),doc19(1),doc20(1),doc21(1),doc22(1),doc23(1),doc24(1),doc25(1),doc26(1),doc27(1),doc28(1),doc29(1),doc30(1),doc31(1),doc32(1),doc33(1),doc34(1),doc35(1),doc36(1),doc37(1),doc38(1),doc39(1),doc40(1),doc41(1),doc42(1),doc43(1),doc44(1),doc45(1),doc46(1),doc47(1),doc48(1),doc49(1),doc50(1),doc51(1),doc52(1),doc53(1),doc54(1),doc55(1),doc56(1),doc57(1),doc58(1),doc59(1),doc60(1),doc61(1),doc62(1),doc63(1),doc64(1),doc65(1),doc66(1),doc67(2),doc68(1),doc69(1),doc70(1),doc71(1),doc72(1),doc73(1),doc74(1),doc75(1),doc76(1),doc77(1),doc78(1),doc79(1),doc80(2),doc81(1),doc82(1),doc83(1),doc84(1),doc85(1),doc86(1),doc87(1),doc88(1),doc89(1),doc90(1),doc91(1),doc92(1),doc93(3),doc94(1),doc95(2),doc96(1),doc97(3),doc98(1),doc99(1),doc100(1),doc101(1),doc102(1),
"i." : doc75(1),
"idea" : doc80(1),doc89(1),
"ident" : doc14(1),doc27(1),doc47(1),
"identifi" : doc27(1),
"idiopath" : doc29(1),doc35(2),
"ii" : doc4(1),doc5(1),doc18(2),doc97(2),doc100(1),
"iii" : doc97(3),
"ileum" : doc5(2),
"illustr" : doc93(1),
"im" : doc17(1),
"immatur" : doc56(1),doc79(1),
"immedi" : doc45(1),doc49(1),doc85(2),
"immers" : doc34(1),
"immobil" : doc33(1),
"immun" : doc16(3),doc23(3),doc27(2),doc65(1),
"immunis" : doc16(1),
"immunoassai" : doc66(1),
"immunodiffus" : doc20(1),
"immunoelectrophoresi" : doc20(2),
"immunoglobulin" : doc22(1),
"immunolog" : doc18(1),doc19(3),doc24(2),doc28(5),doc36(1),doc55(1),
"immunoselect" : doc21(1),
"impair" : doc89(3),doc90(4),
"implant" : doc17(1),doc42(1),
"implic" : doc93(1),
"import" : doc34(3),doc36(1),doc57(1),doc64(1),doc67(1),doc74(1),doc83(1),doc89(1),doc91(1),
"imposs" : doc33(1),doc94(1),
"improv" : doc2(1),doc30(1),doc85(1),doc92(1),
"inabl" : doc89(1),
"inact" : doc5(1),doc13(1),
"inadequaci" : doc92(2),
"inappropri" : doc93(1),
"inbr" : doc17(1),doc19(1),
"inch" : doc58(2),doc61(4),
"incid" : doc37(2),doc83(1),
"incident" : doc85(1),
"includ" : doc27(1),
"incompa" : doc21(1),
"incompat" : doc21(1),
"incomplet" : doc80(1),doc93(1),
"inconclus" : doc7(1),
"incorpor" : doc11(2),doc26(1),doc66(1),
"increa" : doc41(1),
"increas" : doc1(1),doc2(1),doc3(3),doc13(1),doc18(1),doc19(1),doc20(1),doc29(2),doc30(1),doc34(1),doc37(1),doc46(2),doc47(2),doc49(1),doc50(3),doc56(2),doc60(1),doc61(1),doc65(2),doc66(1),doc69(2),doc70(1),doc71(1),doc75(2),doc77(3),doc79(1),doc80(1),doc82(1),doc87(1),doc88(1),doc102(1),
"increasingli" : doc93(1),
"increment" : doc71(2),
"incub" : doc64(1),
"inde" : doc60(1),doc93(1),
"independ" : doc85(4),
"index" : doc62(1),
"indic" : doc2(1),doc3(1),doc39(1),doc40(1),doc43(1),doc56(1),doc63(1),doc69(1),doc77(1),doc88(1),doc96(2),
"indiffer" : doc30(1),
"individu" : doc20(1),doc66(1),doc84(1),doc90(1),doc93(3),
"induc" : doc14(3),doc16(1),doc21(1),doc22(2),doc23(1),doc24(2),doc26(3),doc27(1),doc38(1),doc43(2),doc61(1),doc62(1),doc74(1),doc80(1),doc81(1),doc84(1),
"induct" : doc19(2),doc24(1),doc74(1),
"ineffect" : doc2(1),doc7(1),doc33(1),doc54(1),doc55(1),doc92(1),
"inert" : doc36(1),
"inexcus" : doc102(1),
"infanc" : doc87(1),
"infant" : doc29(1),doc69(6),doc93(1),doc101(1),
"infect" : doc18(5),doc19(2),doc37(2),
"infecti" : doc26(1),
"influenc" : doc3(1),doc22(1),doc24(1),doc47(1),doc49(2),doc56(2),doc64(1),doc66(1),doc69(1),doc73(1),doc77(2),doc80(1),doc81(1),doc83(1),doc86(1),doc93(1),
"inform" : doc13(1),doc59(1),doc89(1),
"infrequ" : doc15(1),
"ing" : doc14(1),doc15(1),doc41(1),doc52(2),
"inhibit" : doc4(4),doc19(1),doc36(1),doc40(1),doc52(1),doc59(1),doc66(1),doc77(1),doc81(1),
"inhibitor" : doc4(3),doc55(2),
"initi" : doc49(1),doc93(1),doc97(1),
"injec" : doc39(1),
"inject" : doc7(1),doc8(1),doc16(1),doc27(1),doc32(5),doc39(4),doc46(2),doc54(2),doc56(2),doc64(1),doc65(1),doc70(1),doc71(1),doc73(2),doc81(1),doc84(2),
"inneffect" : doc33(1),
"inocul" : doc14(2),
"inorgan" : doc13(1),doc48(1),doc66(1),
"inquiri" : doc93(1),
"insipidu" : doc72(2),
"insofar" : doc60(1),
"inspector" : doc94(1),
"instanc" : doc60(1),doc66(1),
"institut" : doc99(1),
"insuffici" : doc9(1),
"insulin" : doc52(2),doc53(3),doc56(3),doc59(3),doc62(2),doc80(5),doc83(2),doc85(12),
"intact" : doc19(1),doc43(1),doc49(1),doc73(1),doc76(1),doc81(4),doc84(1),
"intak" : doc33(2),
"integr" : doc89(3),
"integra" : doc28(1),
"intens" : doc56(1),
"intensif" : doc28(1),
"inter" : doc34(1),
"interact" : doc22(1),doc93(1),
"interest" : doc34(1),doc74(1),
"interfer" : doc31(2),doc59(1),doc86(1),doc89(1),
"intermedi" : doc18(1),doc97(2),
"intermitt" : doc51(1),doc61(1),
"interpub" : doc81(2),
"interstiti" : doc9(1),doc42(1),
"interv" : doc45(1),doc46(1),
"intestin" : doc4(3),doc47(2),
"inti" : doc66(1),
"intra" : doc63(1),
"intracellular" : doc85(2),doc86(1),
"intracellularli" : doc18(1),
"intramuscular" : doc32(2),doc39(1),
"intranuclear" : doc26(1),doc27(1),
"intraperiton" : doc46(3),
"intraven" : doc31(2),doc33(1),doc39(1),doc43(1),doc50(1),doc65(1),
"introductori" : doc67(1),
"invari" : doc15(1),
"investi" : doc15(1),
"investig" : doc15(1),doc29(1),doc34(1),doc49(1),doc67(1),doc75(1),doc76(1),doc78(2),
"involv" : doc16(1),doc19(1),doc66(1),doc95(1),
"inward" : doc40(1),
"iodin" : doc58(1),
"ion" : doc3(1),doc36(1),doc42(2),doc47(1),
"ionic" : doc70(1),
"iron" : doc102(1),
"irradi" : doc14(1),doc24(1),
"irrespect" : doc54(1),doc71(1),
"irrev" : doc33(1),
"irrit" : doc32(1),
"isoantigen" : doc21(3),
"isoantisera" : doc21(1),
"isograft" : doc14(3),
"isol" : doc25(1),doc27(1),doc36(1),doc58(2),
"isolog" : doc21(1),
"isotocin" : doc54(1),
"isoton" : doc4(1),doc42(1),
"isotop" : doc65(1),
"issu" : doc100(1),
"it" : doc2(1),doc5(1),doc13(1),doc18(4),doc28(1),doc37(2),doc42(2),doc62(1),doc63(2),doc66(1),doc78(1),doc79(1),doc83(3),doc84(1),doc85(2),doc90(1),doc93(4),doc94(4),
"itoh" : doc73(1),
"itself" : doc93(1),doc102(1),
"ium" : doc70(1),
"j" : doc29(1),
"ject" : doc39(1),doc66(1),
"jection" : doc50(1),doc71(1),
"jejunum" : doc4(1),
"join" : doc90(1),doc94(1),
"joint" : doc81(5),
"jubile" : doc94(1),
"junction" : doc28(1),
"just" : doc33(1),
"kalaemia" : doc29(1),
"kei" : doc26(1),doc28(1),
"kelbourn" : doc94(3),
"kept" : doc42(1),doc85(1),
"keratin" : doc82(1),
"ketoacidosi" : doc83(1),
"ketosi" : doc66(1),
"kg" : doc3(4),doc32(1),doc46(5),
"kidnei" : doc3(1),doc8(1),doc9(1),doc10(1),doc19(1),doc26(3),doc30(1),doc38(1),doc47(3),doc73(3),doc76(4),doc79(1),
"killifish" : doc54(1),
"kind" : doc85(1),doc93(2),doc94(1),
"king" : doc34(1),
"knowledg" : doc48(1),doc67(1),doc95(2),
"known" : doc54(1),doc77(1),doc85(1),doc96(1),
"kreb" : doc18(2),
"l'histologi" : doc29(1),
"l.l" : doc26(2),
"la" : doc29(1),
"label" : doc8(1),doc39(1),doc42(5),doc65(6),doc70(1),doc89(1),
"labor" : doc99(1),
"laboratori" : doc34(1),doc44(1),doc63(1),doc67(1),
"lack" : doc94(1),
"lactat" : doc71(7),
"lactic" : doc43(1),
"languag" : doc89(4),doc98(4),doc101(1),
"larg" : doc33(1),doc42(1),doc64(1),doc76(1),doc77(1),doc80(1),doc90(1),doc94(1),
"larger" : doc55(1),
"last" : doc27(1),doc93(1),doc94(1),doc100(1),
"lastli" : doc93(1),
"late" : doc39(2),
"latent" : doc27(1),
"later" : doc72(1),doc74(1),doc94(2),
"latitud" : doc13(1),
"latter" : doc5(1),doc7(1),doc36(1),
"lb" : doc99(1),
"le" : doc29(3),
"lead" : doc29(1),doc60(1),doc85(1),
"learn" : doc89(1),doc97(1),doc98(2),doc100(5),
"learnt" : doc34(1),
"least" : doc2(1),doc19(1),doc61(1),doc65(1),doc72(1),doc74(1),doc85(1),
"leav" : doc102(1),
"lectur" : doc67(2),
"led" : doc88(1),
"lefebvr" : doc29(1),
"left" : doc9(1),
"length" : doc60(1),doc73(1),
"lesion" : doc17(1),doc68(4),doc83(2),doc89(1),
"less" : doc4(1),doc60(1),doc75(1),doc79(1),doc99(1),
"leucin" : doc58(1),
"leukemia" : doc20(1),
"levat" : doc82(2),
"level" : doc2(2),doc3(1),doc9(1),doc10(1),doc11(2),doc29(3),doc32(2),doc48(1),doc50(1),doc53(2),doc56(1),doc58(1),doc71(1),doc75(2),doc77(4),doc78(1),doc79(2),doc85(1),doc86(1),doc89(1),doc100(1),
"li" : doc61(1),
"liber" : doc80(1),
"licko" : doc50(1),
"lie" : doc2(1),
"life" : doc17(1),doc42(1),
"ligament" : doc81(4),
"like" : doc5(1),doc55(1),doc102(1),
"likewis" : doc85(1),
"lilit" : doc52(1),
"limit" : doc28(1),doc42(1),doc46(1),doc88(1),
"line" : doc20(2),doc21(2),doc29(2),
"linear" : doc69(1),doc75(1),doc88(1),
"link" : doc93(2),
"lipid" : doc87(1),
"lipoid" : doc29(1),
"lipolyt" : doc64(4),
"lipoprotein" : doc78(1),
"lism" : doc69(1),
"list" : doc41(1),
"literatur" : doc5(1),doc13(2),doc42(1),doc50(1),doc67(1),
"litter" : doc19(1),doc84(1),
"littl" : doc49(1),doc97(1),
"liver" : doc3(1),doc7(1),doc8(1),doc9(1),doc10(1),doc19(1),doc27(1),doc38(2),doc39(1),doc47(1),doc70(1),doc79(2),
"load" : doc46(2),doc78(1),
"lobe" : doc80(1),
"local" : doc18(1),doc32(1),doc94(1),
"localis" : doc26(1),
"locat" : doc40(1),doc44(1),
"long" : doc27(1),doc45(1),doc52(1),doc55(1),doc61(1),doc66(1),doc81(2),doc83(1),doc88(1),doc93(1),
"longer" : doc38(1),
"look" : doc91(1),
"loop" : doc34(1),
"loss" : doc25(1),doc47(2),doc90(1),doc99(1),
"lost" : doc23(1),doc60(1),
"low" : doc1(1),doc11(1),doc31(1),doc48(1),doc49(1),doc58(1),doc66(1),doc76(2),
"lower" : doc21(2),doc35(1),doc50(1),
"lung" : doc8(3),doc9(2),doc10(1),
"lutein" : doc77(1),
"ly" : doc44(1),
"lym" : doc16(1),
"lymph" : doc9(1),doc16(2),doc20(1),doc24(1),
"lymphocyt" : doc16(2),
"lymphoid" : doc9(1),doc16(1),
"lymphosarcoma" : doc17(1),
"lyon" : doc34(1),
"m" : doc4(6),doc40(1),doc74(2),
"m.d" : doc86(1),
"macho" : doc50(1),
"made" : doc21(1),doc25(1),doc28(1),doc32(2),doc35(1),doc60(1),doc62(2),doc88(1),doc90(2),
"mag" : doc47(1),
"magnesium" : doc31(2),doc47(4),doc75(1),
"magnitud" : doc4(1),
"mai" : doc2(2),doc12(1),doc13(1),doc16(1),doc18(1),doc27(1),doc33(1),doc36(2),doc37(2),doc38(1),doc41(1),doc43(1),doc47(1),doc51(1),doc60(1),doc66(1),doc69(1),doc72(2),doc80(2),doc83(3),doc85(2),doc87(1),doc89(1),doc91(1),doc96(1),doc102(1),
"main" : doc61(1),doc88(1),
"mainli" : doc40(1),
"maintain" : doc54(3),doc56(1),doc78(1),doc81(1),
"major" : doc38(1),doc75(1),doc83(3),
"make" : doc17(1),doc75(1),
"mal" : doc27(1),doc49(2),doc64(1),
"maladapt" : doc93(1),
"male" : doc23(1),doc27(1),doc29(1),doc54(1),doc56(1),doc82(2),
"malign" : doc20(2),doc25(1),doc28(1),doc41(1),doc42(1),
"malizia" : doc50(1),
"malvano" : doc42(1),
"mam" : doc71(1),doc73(1),
"mammalian" : doc18(1),doc54(1),
"mammari" : doc17(1),doc68(5),doc71(3),doc73(3),
"mammotrop" : doc77(2),
"man" : doc8(1),doc13(1),doc32(1),doc48(2),doc50(1),doc51(1),doc74(1),doc83(1),doc91(1),
"manag" : doc95(1),doc101(1),doc102(1),
"mandelamin" : doc37(2),
"mani" : doc5(1),doc59(1),doc66(1),doc85(1),doc91(1),
"manifest" : doc47(1),doc93(1),
"manner" : doc55(1),doc59(1),doc84(1),doc100(1),
"mardedli" : doc47(1),
"mari" : doc71(1),doc73(1),
"marit" : doc49(1),
"mark" : doc33(1),doc50(1),doc52(1),
"markedli" : doc20(1),doc46(1),doc73(1),doc86(1),
"market" : doc102(1),
"marriag" : doc102(1),
"maryhil" : doc94(1),
"massiv" : doc50(1),
"mate" : doc19(1),doc66(1),
"materi" : doc26(1),doc39(1),
"matern" : doc93(2),
"matrix" : doc34(1),
"matur" : doc18(1),doc29(1),doc60(1),doc69(1),
"maxim" : doc51(2),
"maximum" : doc27(1),doc32(1),doc42(1),
"mclean" : doc67(1),
"me" : doc66(1),doc80(1),
"mean" : doc0(1),doc1(1),doc24(1),doc25(1),doc52(3),doc85(1),
"measur" : doc26(1),doc36(1),doc46(1),doc49(1),doc52(1),doc62(3),doc68(1),doc70(1),doc78(2),doc85(1),
"mechan" : doc36(1),doc72(1),doc75(1),doc80(1),doc93(1),
"media" : doc54(2),
"mediastin" : doc44(2),
"mediastinum" : doc43(1),doc44(1),
"mediat" : doc66(1),
"medic" : doc42(1),doc90(1),
"medium" : doc16(1),doc54(1),doc64(1),doc70(1),doc97(1),
"meet" : doc100(1),
"megali" : doc62(1),
"megavoltag" : doc37(1),
"mellitu" : doc59(1),doc83(2),
"member" : doc90(1),
"membran" : doc2(1),
"men" : doc32(1),
"mend" : doc63(1),
"ment" : doc18(1),doc55(1),doc66(1),doc74(1),
"mental" : doc94(2),
"mention" : doc70(1),doc99(1),
"mepacrin" : doc4(4),
"mercur" : doc46(1),
"mere" : doc100(1),doc102(1),
"meta" : doc48(1),
"metabo" : doc69(1),
"metabol" : doc18(1),doc30(1),doc36(1),doc47(1),doc48(1),doc49(1),doc53(1),doc59(1),doc66(2),doc67(1),doc69(2),doc74(2),doc75(1),doc78(1),doc85(9),doc87(1),
"metabolit" : doc11(2),
"metaphys" : doc29(1),
"metastas" : doc41(1),
"metastat" : doc27(2),
"methionin" : doc12(2),
"method" : doc4(1),doc18(1),doc19(1),doc20(2),doc27(1),doc28(1),doc31(3),doc33(4),doc42(2),doc50(1),doc85(1),doc86(1),doc95(1),
"methopyrapon" : doc58(1),
"methyl" : doc32(1),doc68(1),
"methylcholanthren" : doc22(2),doc24(2),doc68(1),
"mev" : doc42(1),
"mg" : doc3(4),doc32(2),doc46(4),doc52(2),doc55(3),doc58(2),doc61(4),doc63(1),doc70(1),doc71(2),doc73(1),doc74(2),doc78(1),doc82(2),
"mg28" : doc47(3),
"mgh" : doc55(1),
"mice" : doc14(5),doc17(4),doc19(3),doc22(1),doc23(1),doc24(2),doc68(1),doc76(2),doc81(10),
"microradiographi" : doc29(1),
"microsom" : doc85(2),
"might" : doc28(2),doc36(1),doc41(1),doc59(1),doc74(1),doc75(1),doc88(1),
"migrat" : doc48(1),
"mil" : doc52(1),
"milk" : doc1(2),doc71(3),
"milligram" : doc54(2),
"millilit" : doc52(3),
"millimicrogm" : doc52(6),
"million" : doc60(1),
"millipor" : doc19(1),
"mind" : doc85(1),
"mine" : doc19(1),
"miner" : doc47(1),doc66(1),
"minim" : doc47(1),
"minist" : doc3(1),
"ministr" : doc52(1),
"minut" : doc32(1),doc46(1),doc86(1),
"miss" : doc28(1),doc94(1),
"misus" : doc13(1),
"mitochondri" : doc36(3),doc49(1),
"mitochondria" : doc36(2),
"mitosi" : doc26(1),
"mix" : doc15(1),
"mixtur" : doc15(1),
"ml" : doc32(2),doc46(1),doc54(1),doc64(1),
"mo" : doc66(1),
"mobil" : doc13(1),doc38(1),doc80(1),
"mock" : doc15(1),
"modal" : doc89(1),doc99(1),
"mode" : doc2(1),doc35(1),
"model" : doc15(2),doc79(2),doc89(1),doc93(1),
"moder" : doc99(1),
"modif" : doc79(1),
"mole" : doc17(1),
"molecul" : doc18(1),doc59(1),doc65(2),
"molybdenum" : doc13(1),
"mon" : doc26(1),
"mone" : doc49(1),doc52(1),doc66(1),
"mongol" : doc99(1),
"mongoloid" : doc99(2),
"monkei" : doc26(2),doc54(1),doc55(1),
"month" : doc54(1),doc55(3),doc58(2),doc61(2),doc74(2),
"monthli" : doc61(2),
"mor" : doc14(1),doc24(1),
"moravek" : doc42(1),
"more" : doc4(1),doc6(1),doc12(1),doc13(1),doc21(1),doc23(1),doc26(1),doc33(1),doc52(1),doc56(1),doc59(1),doc66(1),doc69(1),doc74(1),doc78(1),doc85(1),doc88(2),doc90(3),doc96(1),doc97(1),doc102(2),
"moreov" : doc42(1),
"morpholog" : doc27(1),
"mosom" : doc75(1),
"mossambica" : doc54(1),
"most" : doc9(1),doc12(2),doc20(1),doc24(1),doc42(1),doc85(1),doc93(1),doc96(1),doc99(2),doc101(1),
"mostli" : doc18(1),
"mother" : doc1(1),doc84(2),doc93(7),doc99(1),
"motor" : doc89(2),doc97(1),
"mous" : doc14(2),doc18(1),doc68(1),doc76(2),
"movement" : doc40(1),
"mr" : doc99(1),
"mth" : doc9(1),doc10(1),
"mtt.f4" : doc77(1),
"mu" : doc54(4),
"much" : doc12(1),doc13(1),doc34(1),doc73(1),doc78(1),doc79(1),doc88(1),
"muco" : doc34(1),
"mucosa" : doc43(1),
"multipl" : doc85(1),
"munding" : doc42(1),
"muscl" : doc10(1),doc47(1),doc79(2),doc82(8),
"muscular" : doc2(1),doc87(1),
"muscularli" : doc63(1),
"must" : doc13(1),doc47(1),doc85(1),doc98(1),
"mutual" : doc90(1),doc93(1),
"my" : doc93(1),
"myeloma" : doc20(1),
"myocardi" : doc9(1),
"myocardium" : doc9(1),doc10(1),
"myosin" : doc82(1),
"myttenaer" : doc40(1),
"n" : doc74(2),
"na" : doc7(1),
"nacl" : doc54(1),
"nalidix" : doc37(3),
"name" : doc35(1),doc58(1),doc94(1),
"napthalen" : doc13(1),
"nation" : doc99(1),
"natur" : doc59(1),doc80(1),doc93(1),doc94(1),doc95(1),
"nb" : doc46(1),
"near" : doc27(2),
"nebraska" : doc99(1),
"necessari" : doc36(1),doc96(1),
"necrosi" : doc9(1),
"need" : doc33(1),doc67(1),doc85(2),doc90(2),doc101(1),
"nefa" : doc69(1),
"neg" : doc60(1),
"neglig" : doc78(1),
"neither" : doc8(1),doc14(1),
"neonat" : doc19(1),
"neoplasm" : doc17(4),doc19(2),doc41(1),
"nephrectom" : doc43(2),
"nephrectomi" : doc43(2),
"nephrogen" : doc72(1),
"nesium" : doc47(1),
"net" : doc85(1),
"neuroeffector" : doc5(1),
"neurohypophysi" : doc54(2),
"neurolog" : doc83(1),
"neurophysiolog" : doc89(1),
"neurosecretori" : doc54(1),
"neutral" : doc14(1),doc18(1),doc26(1),doc65(1),
"new" : doc28(1),doc42(1),doc60(1),doc67(2),doc79(1),doc94(2),
"newborn" : doc21(1),
"next" : doc3(1),doc93(1),
"nickel" : doc13(1),
"nih" : doc76(1),
"niobium" : doc46(5),
"nitrat" : doc46(1),
"nitrogen" : doc66(1),doc69(2),doc78(5),
"node" : doc9(1),doc16(1),doc24(1),
"non" : doc14(1),doc18(1),doc20(1),doc34(2),doc36(2),doc47(2),doc78(1),doc90(1),
"nonetheless" : doc19(1),
"nonorgan" : doc100(1),
"nonselenifer" : doc1(1),
"nonspecif" : doc21(9),
"nor" : doc14(1),doc18(1),doc27(1),doc64(1),
"norm" : doc93(1),
"normal" : doc17(1),doc20(2),doc25(6),doc27(3),doc28(1),doc34(1),doc43(1),doc48(1),doc51(1),doc52(1),doc56(1),doc58(1),doc62(1),doc64(2),doc66(1),doc69(1),doc70(1),doc72(1),doc75(2),doc76(2),doc82(1),doc84(1),doc86(1),doc87(1),doc92(1),doc93(1),
"note" : doc17(1),doc29(1),doc37(1),doc56(1),
"noth" : doc91(1),
"nuclear" : doc27(3),doc70(1),
"nucleat" : doc34(1),
"nuclei" : doc26(1),doc27(1),
"nucleic" : doc18(1),
"number" : doc21(1),doc25(1),doc102(1),
"nutrient" : doc2(1),
"nutrit" : doc2(1),doc13(1),
"ob" : doc50(1),
"obes" : doc53(2),doc86(1),
"object" : doc67(1),
"obscur" : doc84(1),
"observ" : doc5(1),doc11(1),doc45(1),doc46(2),doc49(1),doc50(2),doc52(1),doc55(1),doc69(3),doc73(1),doc78(2),doc84(1),doc85(1),doc86(1),
"obtain" : doc16(1),doc25(1),doc27(1),doc33(2),doc56(2),doc75(1),doc101(1),
"occas" : doc55(1),
"occasion" : doc9(1),doc28(1),doc74(1),
"occur" : doc21(1),doc50(2),doc51(1),doc55(1),doc71(1),doc78(1),doc81(1),doc84(1),doc90(1),
"ocular" : doc83(1),
"often" : doc33(1),doc37(1),doc51(1),doc89(1),
"old" : doc1(1),doc11(1),doc55(1),doc58(2),doc61(2),doc91(1),
"oma" : doc20(1),
"on" : doc2(1),doc17(1),doc20(1),doc21(1),doc30(1),doc34(1),doc52(1),doc55(1),doc75(1),doc78(1),doc85(2),doc93(1),doc97(1),doc99(2),
"onli" : doc0(1),doc25(2),doc27(1),doc30(1),doc42(1),doc46(1),doc54(1),doc55(1),doc64(1),doc70(1),doc73(1),doc74(1),doc79(2),doc96(1),
"ontogenesi" : doc91(2),
"open" : doc94(1),
"oper" : doc45(4),doc47(2),doc96(1),doc102(1),
"opinion" : doc50(1),doc90(1),
"optic" : doc87(1),
"oral" : doc13(2),doc86(1),
"order" : doc4(1),doc10(1),doc57(1),doc66(1),
"organ" : doc3(2),doc12(2),doc13(2),doc22(1),doc32(1),doc39(2),doc47(1),doc60(1),doc77(2),doc100(1),
"organophosphoru" : doc6(1),
"origin" : doc17(2),doc21(4),doc35(1),doc67(1),doc93(1),doc94(1),
"os" : doc3(1),
"osseou" : doc29(1),doc47(2),
"osteomalacia" : doc33(3),
"osteopathi" : doc29(1),doc30(1),
"osteoporosi" : doc29(1),doc33(4),
"osteoporot" : doc33(1),
"other" : doc2(1),doc26(1),doc36(1),doc45(1),doc47(2),doc54(1),doc55(1),doc63(1),doc66(1),doc71(1),doc76(1),doc80(1),doc82(2),doc85(4),doc90(1),doc92(1),doc94(2),doc97(1),doc102(1),
"ouchterloni" : doc20(1),doc25(1),
"our" : doc36(1),doc38(1),doc59(1),doc67(1),doc90(1),doc102(2),
"out" : doc7(1),doc15(1),doc25(1),doc30(1),doc38(1),doc40(2),doc41(1),doc48(1),doc50(1),doc59(1),doc69(1),doc88(1),
"outlin" : doc59(1),doc67(1),doc85(1),doc87(1),
"outset" : doc59(1),
"outsid" : doc102(1),
"over" : doc45(1),doc51(1),doc60(1),doc93(1),doc97(1),doc99(1),doc100(1),
"overact" : doc87(1),
"overalert" : doc87(1),
"overload" : doc93(4),
"ovin" : doc54(1),doc76(1),
"ovum" : doc60(1),
"own" : doc17(1),doc72(1),
"oxid" : doc5(1),doc42(3),
"oxytoc" : doc54(1),
"p" : doc29(1),
"p.p.m" : doc0(2),doc1(1),
"p.t.h" : doc40(2),
"p32" : doc40(1),doc47(3),
"paciti" : doc52(1),
"palat" : doc92(1),doc96(2),doc102(2),
"paleolith" : doc91(1),
"palsi" : doc94(1),
"pancrea" : doc7(2),doc80(1),
"pansion" : doc56(1),
"paper" : doc35(1),doc78(1),doc92(1),
"para" : doc36(1),doc49(1),doc66(1),
"parallel" : doc20(1),doc50(1),
"paramed" : doc90(1),
"paramet" : doc75(1),
"parasympathet" : doc5(1),
"parathi" : doc43(1),doc49(1),
"parathyroid" : doc30(2),doc36(7),doc38(1),doc40(1),doc41(1),doc43(1),doc44(2),doc47(5),doc49(2),doc67(1),
"parathyroidectom" : doc40(1),doc47(1),
"parathyroidectomi" : doc43(1),doc47(4),doc49(4),
"parenchyma" : doc27(1),
"parent" : doc5(1),doc6(1),
"parenter" : doc39(1),
"part" : doc2(1),doc22(1),doc40(1),doc67(1),doc72(1),doc84(1),
"partial" : doc2(1),doc42(1),doc64(1),doc77(1),
"particip" : doc22(1),
"particl" : doc18(1),
"particular" : doc16(1),doc89(1),
"partner" : doc93(1),
"pass" : doc32(1),
"passag" : doc21(4),
"passiv" : doc9(1),doc24(1),doc93(1),
"past" : doc102(1),
"pathogenesi" : doc9(2),doc30(1),
"patholog" : doc9(2),doc85(1),doc89(1),
"pathophysiolog" : doc30(1),doc83(1),
"pathwai" : doc85(1),
"patient" : doc20(3),doc30(3),doc31(2),doc37(1),doc45(2),doc47(1),doc50(1),doc52(1),doc55(2),doc57(1),doc62(3),doc66(1),doc72(1),doc75(4),doc78(5),doc85(1),doc87(2),doc88(3),doc92(3),doc95(1),doc102(1),
"pattern" : doc20(1),doc27(1),doc40(1),doc62(1),doc93(1),
"peak" : doc50(1),
"pelt" : doc82(4),
"pelvi" : doc41(2),
"peptid" : doc54(2),
"per" : doc3(1),doc37(1),doc46(1),doc52(7),doc54(10),doc63(1),doc99(2),
"percalcemia" : doc41(1),
"perci" : doc94(1),
"perfect" : doc88(1),
"perform" : doc3(1),doc40(1),doc92(1),
"perhap" : doc2(2),doc7(1),doc47(1),doc93(1),
"pericardi" : doc44(1),
"period" : doc19(1),doc54(2),doc60(1),doc78(6),doc85(1),doc88(1),doc89(1),
"perman" : doc21(1),
"peroxid" : doc12(4),
"perpetu" : doc102(1),
"persist" : doc37(1),doc55(1),
"person" : doc90(2),
"personif" : doc91(1),
"peter" : doc62(1),
"ph" : doc48(1),
"phalomyocard" : doc18(1),
"pharmacolog" : doc5(1),
"pharyng" : doc92(1),
"pharyngoplast" : doc96(1),
"pharyngoplasti" : doc96(5),
"phase" : doc59(1),doc78(1),
"phate" : doc51(1),
"phenomena" : doc24(1),
"phenomenon" : doc40(1),doc74(1),
"pheochromo" : doc57(2),
"pheochromocytoma" : doc57(1),
"pho" : doc39(1),doc42(1),doc48(1),doc51(1),
"phocyt" : doc16(1),
"phoric" : doc39(1),
"phoru" : doc42(1),doc48(1),
"phosphat" : doc29(2),doc30(4),doc32(2),doc33(1),doc35(2),doc36(1),doc37(3),doc39(2),doc40(3),doc47(2),doc48(1),doc49(5),doc51(1),doc66(1),doc85(1),
"phosphatdiabet" : doc30(2),
"phosphatelear" : doc30(1),
"phosphomolybd" : doc42(1),
"phosphor" : doc6(1),
"phosphoru" : doc35(1),doc40(1),doc42(2),doc45(1),doc48(2),doc50(5),doc69(1),
"photoscan" : doc8(1),
"physectom" : doc64(1),
"physectomi" : doc64(1),
"physial" : doc56(1),
"physic" : doc63(1),doc93(2),doc94(3),
"physician" : doc85(1),
"physiolog" : doc60(1),doc62(1),doc64(2),doc67(2),doc74(1),doc75(1),
"phytat" : doc35(1),
"pi" : doc64(1),
"pictur" : doc28(1),
"piec" : doc16(1),
"pig" : doc5(2),
"pisum" : doc6(2),
"pitressin" : doc73(2),
"pituitari" : doc54(3),doc55(2),doc57(1),doc62(1),doc63(1),doc64(1),doc66(1),doc73(4),doc77(2),doc80(1),doc88(1),
"place" : doc40(1),doc50(1),doc85(2),doc89(1),doc101(1),doc102(1),
"placent" : doc55(1),
"plai" : doc34(1),doc80(1),
"plain" : doc51(1),
"plant" : doc17(1),
"plasma" : doc2(1),doc48(4),doc49(8),doc52(2),doc53(1),doc66(1),doc77(3),doc80(1),doc86(3),
"plasmatiqu" : doc29(1),
"plastic" : doc42(1),doc68(1),
"plea" : doc28(1),
"plu" : doc96(1),
"po3" : doc42(1),
"po4" : doc42(2),
"point" : doc7(1),doc28(1),doc30(1),
"poison" : doc3(2),doc7(2),doc13(1),doc32(1),doc34(1),doc46(1),
"polydiethylstilbestrol" : doc39(2),
"polyest" : doc39(1),
"polym" : doc39(1),
"polymer" : doc18(1),
"polymeras" : doc70(3),
"polyoma" : doc14(2),doc19(4),
"polysaccharid" : doc34(1),
"poor" : doc8(1),
"popul" : doc93(1),
"port" : doc47(1),
"pose" : doc28(1),
"posit" : doc27(1),doc33(2),
"possibl" : doc1(1),doc27(1),doc33(1),doc38(1),doc50(1),doc62(2),doc69(1),doc74(1),doc85(1),doc89(1),
"post" : doc37(1),doc78(2),
"posterior" : doc64(1),
"postop" : doc30(1),doc44(1),doc45(1),
"postpartum" : doc71(1),
"postprandi" : doc58(1),
"postul" : doc34(1),doc36(1),
"potassiqu" : doc29(1),
"potassium" : doc29(1),doc47(2),doc66(1),
"potenc" : doc56(1),
"potenti" : doc13(1),
"powder" : doc63(1),
"power" : doc89(1),
"ppm" : doc2(1),
"practic" : doc7(1),doc63(3),doc90(1),doc95(1),
"prader" : doc78(1),
"pre" : doc30(1),doc78(2),
"preced" : doc74(1),
"precipit" : doc34(1),
"precipita" : doc63(1),
"precipitin" : doc20(1),doc27(1),
"precis" : doc36(1),doc59(1),doc62(1),
"precondit" : doc93(1),
"precursor" : doc93(1),
"predomin" : doc57(1),
"predominantli" : doc85(1),
"prefer" : doc39(1),
"preferenti" : doc47(1),
"pregnanc" : doc71(4),doc99(1),
"pregnant" : doc84(1),
"preimmun" : doc24(2),
"prelanguag" : doc89(1),
"preliminari" : doc25(1),doc78(1),doc102(1),
"prematur" : doc69(5),doc99(1),
"premean" : doc89(1),
"premis" : doc94(1),
"prenat" : doc84(2),
"prepar" : doc5(2),doc13(2),doc17(1),doc18(1),doc25(1),doc26(1),doc27(1),doc42(3),doc43(1),doc54(2),doc56(1),doc61(1),doc63(4),doc70(1),doc73(1),
"preschool" : doc97(1),
"presenc" : doc14(1),doc25(1),doc70(1),doc93(1),
"present" : doc15(2),doc18(1),doc22(1),doc28(1),doc30(1),doc35(1),doc44(1),doc47(1),doc58(1),doc59(1),doc60(1),doc62(1),doc67(1),doc68(1),doc75(2),doc84(1),doc85(1),doc87(1),
"press" : doc90(1),
"pressor" : doc54(1),
"presum" : doc47(1),doc72(2),doc84(1),
"pretreat" : doc14(2),doc21(1),doc54(1),doc85(1),
"prevent" : doc2(1),doc31(1),doc43(1),doc49(1),doc58(1),doc84(1),doc93(1),
"previou" : doc36(1),doc58(1),
"previous" : doc54(1),doc79(1),
"primal" : doc93(2),
"primari" : doc16(2),doc34(2),doc45(2),doc96(1),
"primarili" : doc34(1),
"prime" : doc81(1),
"primit" : doc91(1),
"primordi" : doc78(1),
"prior" : doc46(1),
"probabl" : doc34(1),doc58(2),doc68(1),doc74(1),
"problem" : doc59(1),doc62(1),doc67(1),doc83(1),doc89(2),doc90(4),doc92(1),doc97(2),doc100(6),doc101(2),doc102(1),
"proce" : doc21(1),
"procedur" : doc21(1),doc65(1),doc90(1),doc102(2),
"process" : doc9(1),doc18(1),doc34(1),doc42(1),doc60(1),doc75(1),doc80(1),doc85(1),doc95(1),doc97(1),
"produc" : doc17(1),doc22(1),doc33(1),doc34(1),doc36(1),doc38(1),doc41(1),doc42(1),doc43(1),doc52(1),doc54(1),doc58(1),doc64(1),doc78(1),doc79(2),doc85(1),
"product" : doc5(3),doc18(1),doc59(1),doc68(1),doc72(1),
"profession" : doc89(1),doc90(2),
"profound" : doc93(1),
"profus" : doc57(1),
"progesteron" : doc81(1),
"program" : doc101(1),
"progress" : doc6(1),doc60(1),
"prolactin" : doc54(8),doc77(4),
"prolifer" : doc81(1),
"prolong" : doc10(1),doc21(1),doc33(1),doc53(1),doc54(4),doc74(1),doc86(1),
"promis" : doc78(1),
"promot" : doc56(1),doc61(1),doc65(1),doc66(2),doc80(1),doc82(1),
"propag" : doc26(1),
"proper" : doc94(1),
"properli" : doc13(1),
"properti" : doc18(1),doc21(1),doc25(2),doc38(1),
"propion" : doc73(1),doc79(1),doc82(2),
"proport" : doc89(1),
"propos" : doc42(1),doc93(1),doc95(1),
"proposit" : doc93(1),
"prospect" : doc28(1),
"protect" : doc3(1),doc13(1),doc43(2),doc54(2),
"protein" : doc2(2),doc18(8),doc27(4),doc34(4),doc36(6),doc58(1),doc60(1),doc66(3),doc74(1),doc82(4),doc85(11),
"proteu" : doc37(2),
"prove" : doc33(1),doc89(1),doc96(2),
"proven" : doc45(1),
"provid" : doc33(1),doc62(1),doc66(1),doc78(1),doc94(1),
"provok" : doc29(1),
"proxim" : doc40(1),
"ps" : doc37(1),
"psp" : doc39(1),
"psychiatr" : doc99(2),
"psychic" : doc93(3),
"psycholog" : doc93(1),
"psychosoci" : doc89(1),
"pte" : doc38(6),
"pubic" : doc81(6),
"public" : doc94(3),
"pulmonari" : doc9(1),
"pupil" : doc94(1),
"purifi" : doc18(2),doc54(3),doc73(1),
"purport" : doc62(1),
"purpos" : doc42(1),doc50(1),doc94(1),
"pyocyaneu" : doc37(1),
"pyridin" : doc32(1),
"pyrogen" : doc50(1),
"pyroninophil" : doc16(1),
"pyrotherapi" : doc50(2),
"qualifi" : doc80(1),
"qualit" : doc93(1),
"qualiti" : doc8(1),
"quan" : doc57(1),
"quantit" : doc21(1),doc64(1),doc93(1),
"quantiti" : doc10(2),
"question" : doc28(1),doc88(1),doc89(1),
"quit" : doc19(1),doc42(1),
"r" : doc14(1),doc29(1),doc42(1),
"rabbit" : doc7(1),doc8(1),doc25(1),doc26(1),doc27(1),doc55(3),doc65(3),
"raben" : doc61(1),doc74(1),
"radiat" : doc37(1),
"radio" : doc39(1),doc42(1),doc66(1),
"radioact" : doc8(1),doc39(7),doc42(1),
"radiographi" : doc29(1),
"radioimmunoassai" : doc52(1),
"radiolog" : doc33(1),
"radionuclid" : doc42(1),
"radiophosphoru" : doc42(2),
"rais" : doc28(1),doc70(1),
"rame" : doc42(1),
"rang" : doc6(1),doc46(1),doc51(1),doc52(3),doc74(1),doc75(1),doc94(1),
"rapid" : doc49(1),
"rapidli" : doc12(1),
"rari" : doc30(1),
"rariti" : doc28(1),
"rasmussen" : doc36(1),
"rat" : doc1(1),doc3(2),doc4(2),doc7(1),doc15(2),doc16(2),doc29(2),doc38(2),doc39(4),doc43(3),doc46(5),doc47(3),doc49(3),doc56(7),doc64(5),doc65(2),doc70(5),doc71(10),doc73(6),doc77(3),doc79(3),doc82(6),doc84(4),
"rate" : doc5(1),doc21(1),doc47(1),doc50(3),doc51(3),doc55(3),doc61(2),doc63(1),doc74(1),doc99(1),
"rather" : doc4(2),doc11(1),doc27(1),doc34(1),doc42(1),doc88(1),doc100(1),
"ratio" : doc79(1),
"re" : doc24(1),doc27(1),doc28(3),doc38(1),doc49(1),doc71(1),doc76(1),
"reabsorpt" : doc30(2),doc40(1),doc51(2),
"reach" : doc74(1),
"react" : doc12(2),doc16(1),doc25(2),doc27(1),
"reaction" : doc12(2),doc16(1),doc21(1),doc27(2),doc36(1),doc93(1),
"reactiv" : doc32(1),
"read" : doc100(1),
"reader" : doc90(2),
"readili" : doc5(1),doc15(1),
"realiz" : doc83(1),doc92(1),
"reason" : doc7(1),
"rebound" : doc78(2),
"receiv" : doc2(1),doc11(1),doc31(2),doc47(1),doc52(2),doc55(1),doc71(3),doc78(1),
"recent" : doc34(1),doc67(1),doc96(1),
"recipi" : doc21(2),
"recogn" : doc90(1),
"recognit" : doc28(1),doc63(1),
"recom" : doc63(1),
"recommend" : doc8(1),
"record" : doc32(1),doc41(1),
"recov" : doc39(1),
"rectu" : doc5(1),
"red" : doc48(1),
"reduc" : doc29(1),doc47(1),doc69(1),doc72(1),doc73(1),doc77(1),doc89(1),
"reduct" : doc11(2),doc13(1),doc78(1),
"reestablish" : doc47(1),doc64(1),
"refer" : doc67(1),doc89(3),doc93(1),
"referr" : doc101(1),
"reflect" : doc36(1),doc60(1),doc83(1),doc89(1),
"regard" : doc4(1),doc5(1),doc13(1),doc32(1),doc57(1),doc73(1),doc89(1),
"regimen" : doc56(1),
"region" : doc20(1),
"regist" : doc69(1),
"regress" : doc17(2),
"rehabilit" : doc90(4),doc102(1),
"reiter" : doc91(1),
"reject" : doc28(1),
"rel" : doc5(2),doc13(1),doc34(1),doc57(1),doc63(1),doc64(1),doc76(1),doc100(1),
"relat" : doc2(1),doc20(1),doc49(1),doc52(1),doc54(1),doc57(1),doc85(2),doc89(1),
"relationship" : doc34(1),doc49(1),doc51(3),doc81(1),
"relaxin" : doc81(4),
"releas" : doc59(1),doc66(2),doc73(1),
"relev" : doc78(1),
"reliabl" : doc59(1),doc88(1),
"reliev" : doc37(1),
"remain" : doc34(1),doc50(1),doc51(1),doc65(1),doc80(1),doc83(1),
"rememb" : doc91(1),
"remov" : doc20(1),doc27(1),doc30(1),doc39(1),
"renal" : doc30(3),doc35(1),doc38(1),doc40(1),doc41(2),doc46(1),doc48(1),doc51(1),
"render" : doc7(1),doc102(1),
"reorgan" : doc89(1),
"repair" : doc56(1),doc96(2),
"repeat" : doc25(1),doc67(1),
"repeatedli" : doc55(1),
"replac" : doc7(1),doc9(1),doc54(1),doc56(1),doc64(1),doc74(1),doc83(1),
"report" : doc13(1),doc32(1),doc36(1),doc42(1),doc54(1),doc61(1),doc73(1),doc94(2),doc99(1),doc102(1),
"repres" : doc18(1),doc27(1),doc90(2),
"requir" : doc21(1),doc42(1),doc59(1),doc89(1),doc93(1),
"research" : doc67(1),doc80(1),
"resembl" : doc7(1),doc34(1),doc54(1),
"resist" : doc14(5),doc17(1),doc19(2),doc21(1),doc22(3),doc23(1),doc24(3),doc28(1),doc33(1),doc55(1),doc61(1),doc66(1),doc74(2),
"resolv" : doc89(1),
"resorpt" : doc32(1),doc81(2),
"respect" : doc4(1),doc5(1),doc42(1),doc75(2),doc90(1),
"respir" : doc36(1),
"respiratori" : doc48(2),
"respond" : doc37(2),doc72(1),doc81(1),doc88(1),
"respons" : doc5(1),doc16(1),doc21(1),doc22(1),doc34(1),doc45(1),doc47(1),doc49(2),doc50(1),doc52(3),doc53(1),doc58(1),doc62(3),doc64(2),doc65(1),doc69(1),doc74(1),doc75(2),doc80(1),doc88(1),doc93(4),doc97(1),
"rest" : doc52(1),
"restor" : doc19(2),doc64(3),doc76(1),doc81(1),
"restrict" : doc35(1),doc49(1),
"result" : doc3(1),doc7(1),doc9(1),doc12(1),doc13(1),doc14(1),doc19(2),doc21(1),doc25(1),doc30(1),doc31(1),doc46(1),doc47(1),doc49(2),doc70(1),doc81(1),doc83(1),doc93(3),doc96(3),doc97(1),
"retain" : doc66(1),doc74(1),doc78(1),
"retard" : doc16(1),doc58(2),doc60(1),doc72(2),doc75(1),doc84(3),doc88(1),
"retent" : doc2(2),doc34(1),doc50(1),doc66(1),doc69(1),doc74(1),doc75(1),doc78(1),
"reticuloendotheli" : doc39(1),
"retreat" : doc55(1),
"return" : doc17(1),doc78(1),
"reveal" : doc13(1),doc83(1),doc85(1),
"revers" : doc21(1),doc42(1),doc58(1),
"revert" : doc21(1),
"review" : doc28(2),doc60(1),doc93(1),doc99(1),
"reward" : doc97(1),
"ribonucl" : doc18(1),
"ribonucleas" : doc18(1),
"riechert" : doc42(1),
"rigor" : doc36(1),
"rise" : doc29(1),doc49(2),doc52(3),
"rna" : doc70(4),
"roentgenogram" : doc87(1),
"roid" : doc49(1),
"roidectomi" : doc43(1),
"role" : doc2(2),doc34(1),doc38(1),doc76(1),doc80(1),
"root" : doc6(2),
"rosa" : doc42(1),
"rose" : doc69(1),
"rotat" : doc34(1),
"rou" : doc14(8),
"round" : doc27(1),
"royer" : doc29(1),
"rsv" : doc14(2),
"rule" : doc40(2),
"rumin" : doc13(1),
"ruppin" : doc14(1),
"s" : doc7(1),doc11(1),doc14(3),
"s.c" : doc3(1),
"sac" : doc4(1),doc44(1),
"safe" : doc42(1),
"safeti" : doc63(1),
"said" : doc80(1),
"salin" : doc54(2),
"salivari" : doc19(1),
"salt" : doc13(4),doc27(2),doc54(3),
"same" : doc5(1),doc28(1),doc50(1),doc54(1),doc79(1),doc82(1),doc93(1),doc98(1),
"sampl" : doc99(1),
"sap" : doc18(1),
"sar" : doc14(1),
"sarcoma" : doc14(7),doc17(1),doc27(2),
"sarcomata" : doc16(1),
"sarcoplasm" : doc82(1),
"satisfactori" : doc24(1),doc96(1),
"satur" : doc34(1),
"scan" : doc8(1),
"scanti" : doc28(1),
"schedul" : doc62(1),doc71(1),
"scheme" : doc89(1),
"schmidt" : doc14(1),
"school" : doc94(8),
"scirrhou" : doc17(1),
"se" : doc0(2),doc7(2),doc11(1),doc13(10),
"se75" : doc2(1),doc8(3),
"seal" : doc42(1),
"sec" : doc18(1),
"second" : doc99(1),
"secondari" : doc30(1),doc34(1),
"secret" : doc40(2),doc43(1),doc59(1),doc62(2),doc66(1),doc72(2),doc73(3),doc77(1),doc86(2),
"secretori" : doc52(1),doc73(1),
"section" : doc86(1),
"sediment" : doc18(2),
"seem" : doc7(2),doc27(2),doc33(1),doc57(1),doc89(1),doc93(1),
"seemingli" : doc85(1),
"seen" : doc33(1),doc65(1),doc70(2),doc73(2),doc99(1),
"select" : doc43(1),doc92(1),
"selen" : doc3(5),doc9(3),doc10(3),
"selenit" : doc4(3),doc7(3),doc11(2),
"selenium" : doc0(1),doc1(3),doc2(6),doc8(1),doc9(2),doc10(4),doc11(2),doc12(1),doc13(3),
"selenium75" : doc2(1),
"seleno" : doc5(1),doc6(2),doc12(1),
"selenocystin" : doc12(2),
"selenolipoprotein" : doc2(1),
"selenophosphor" : doc6(1),
"selenouracil" : doc8(1),
"selenourea" : doc8(1),
"self" : doc32(1),doc42(1),
"semant" : doc89(1),
"semi" : doc21(1),
"semin" : doc82(3),
"sensat" : doc89(1),
"sensit" : doc15(3),doc43(3),doc58(1),doc62(1),doc64(1),doc86(1),
"sensori" : doc89(3),
"sequela" : doc93(2),
"sera" : doc14(1),doc20(4),doc22(2),
"seri" : doc37(2),doc93(1),
"seriat" : doc93(1),
"serolog" : doc27(1),
"serum" : doc2(4),doc15(4),doc22(4),doc24(1),doc26(2),doc31(1),doc38(2),doc48(1),doc50(4),doc53(1),doc55(5),doc58(1),doc65(3),doc66(2),doc69(1),doc75(2),doc78(2),doc79(1),
"serv" : doc20(1),doc68(1),doc71(1),
"servic" : doc90(4),
"sesquioxid" : doc33(1),
"set" : doc93(2),
"seven" : doc94(1),doc99(1),
"seventeen" : doc9(1),
"seventi" : doc25(1),
"sever" : doc9(1),doc19(1),doc29(1),doc34(1),doc36(1),doc56(1),doc61(1),doc64(1),doc94(1),
"sex" : doc23(5),doc75(1),doc85(1),
"sexual" : doc60(1),
"sh" : doc7(1),
"shall" : doc59(1),
"sham" : doc47(2),
"sharp" : doc69(1),
"sheep" : doc9(1),doc10(2),doc16(2),doc18(1),
"shift" : doc94(1),
"short" : doc52(1),doc75(2),doc78(3),doc88(1),
"shorten" : doc54(1),
"shortli" : doc84(1),
"should" : doc48(1),doc50(1),doc70(1),doc88(4),doc90(1),doc94(1),doc100(1),
"show" : doc3(1),doc14(1),doc20(1),doc24(1),doc25(1),doc27(1),doc28(1),doc30(3),doc33(1),doc36(1),doc38(1),doc42(1),doc46(1),doc52(3),doc73(1),doc78(2),doc93(1),doc102(1),
"shown" : doc2(1),doc4(1),doc27(1),doc35(1),doc48(1),doc70(1),
"si" : doc20(1),
"sibl" : doc33(1),
"side" : doc32(1),doc37(1),
"sign" : doc63(1),
"signific" : doc11(1),doc34(1),doc40(1),doc45(1),doc49(1),doc56(1),doc69(1),doc70(1),doc71(2),doc77(2),doc79(1),doc87(1),doc102(1),
"significantli" : doc11(1),doc69(1),doc71(1),doc77(3),doc79(1),
"similar" : doc4(1),doc18(1),doc19(2),doc27(1),doc65(1),doc68(1),doc72(2),
"similarli" : doc18(1),doc35(1),
"simpl" : doc15(1),doc42(1),doc80(1),
"simpli" : doc89(1),
"simplic" : doc63(1),
"sinc" : doc13(1),doc34(1),doc41(1),doc58(1),doc59(1),doc67(1),doc83(1),doc102(1),
"singl" : doc13(1),doc46(3),doc88(1),doc93(1),
"sistanc" : doc24(1),
"site" : doc20(1),doc39(2),doc40(1),doc85(1),doc89(1),
"situat" : doc98(1),
"six" : doc47(1),doc86(1),
"size" : doc16(1),doc18(1),doc60(1),doc97(2),
"sjoberg" : doc75(1),
"skelet" : doc10(1),doc79(2),
"skeleton" : doc29(1),
"skill" : doc95(1),doc102(1),
"skin" : doc13(1),
"slow" : doc39(1),
"slowli" : doc12(1),doc34(1),doc78(1),
"small" : doc33(2),doc42(1),doc73(1),
"smaller" : doc18(1),
"so" : doc7(1),doc28(1),doc33(1),doc36(1),doc80(1),doc95(1),
"social" : doc90(1),doc93(3),
"societi" : doc90(1),doc93(1),
"socio" : doc1(1),
"sodium" : doc3(3),doc7(1),doc9(3),doc10(3),doc33(1),doc35(3),doc42(1),doc46(1),doc47(2),doc63(1),doc66(1),
"sog" : doc30(1),
"solid" : doc42(1),
"solubl" : doc18(1),doc27(1),doc39(1),doc82(1),
"solut" : doc4(1),doc34(1),doc42(2),doc54(1),doc63(1),
"somatotrop" : doc77(1),
"somatotrophin" : doc56(1),doc84(5),
"somatotropin" : doc71(2),doc77(1),
"some" : doc13(1),doc25(3),doc30(1),doc35(1),doc41(1),doc42(1),doc45(1),doc51(1),doc57(1),doc67(1),doc78(3),doc85(1),doc88(1),doc89(4),doc90(1),doc96(1),doc99(1),
"sorb" : doc42(1),
"sorption" : doc25(1),
"sound" : doc36(1),
"sourc" : doc27(1),doc38(1),doc42(2),doc66(1),
"sp" : doc50(2),
"space" : doc7(1),
"span" : doc17(1),
"spastic" : doc94(4),
"speak" : doc14(1),doc94(1),
"speci" : doc7(1),doc14(1),doc39(1),
"special" : doc62(1),doc73(1),doc89(1),doc94(1),
"specialist" : doc90(1),
"specif" : doc14(1),doc16(3),doc18(3),doc19(1),doc21(6),doc22(1),doc27(8),doc28(3),doc32(1),doc34(2),doc36(1),doc55(1),doc74(1),doc81(1),doc86(1),doc89(1),
"specimen" : doc31(1),doc45(1),
"spectrum" : doc47(1),
"specul" : doc36(1),doc57(1),
"speech" : doc90(1),doc92(5),doc95(1),doc96(3),doc101(1),
"spite" : doc74(1),
"spleen" : doc9(1),doc10(1),doc19(1),
"spontan" : doc17(2),doc28(2),
"spurt" : doc61(1),
"sq" : doc18(1),
"squelett" : doc29(1),
"sr" : doc14(2),
"stage" : doc21(1),doc90(1),
"stain" : doc26(1),
"stalk" : doc86(1),
"stand" : doc27(1),
"standard" : doc1(1),doc52(2),doc62(1),doc74(1),
"standpoint" : doc60(1),
"state" : doc56(1),doc60(1),doc78(1),
"statement" : doc5(1),
"statu" : doc19(1),doc85(1),
"statur" : doc78(2),doc88(1),
"stedingk" : doc49(1),
"step" : doc95(1),doc97(1),
"stepwis" : doc21(1),
"sternum" : doc44(1),
"steroid" : doc62(1),doc81(1),
"steron" : doc64(1),
"sth" : doc69(4),doc71(4),doc81(3),
"stigmata" : doc19(1),
"still" : doc30(1),doc32(1),doc34(1),doc39(1),doc80(1),doc90(1),
"stimul" : doc13(1),doc16(1),doc36(2),doc38(1),doc52(1),doc63(1),doc70(1),doc73(1),doc75(1),doc77(1),doc82(2),doc85(2),doc86(1),doc93(2),
"stimuli" : doc89(1),
"stimulu" : doc62(1),doc93(1),doc97(1),
"stone" : doc34(3),doc35(1),
"stool" : doc33(1),
"stop" : doc40(4),doc55(1),
"store" : doc66(1),
"strain" : doc17(1),doc19(1),doc21(10),doc26(2),
"stratagem" : doc28(1),
"strate" : doc14(1),
"street" : doc94(1),
"strength" : doc70(1),
"strictli" : doc21(1),
"strike" : doc49(1),doc85(1),
"strikingli" : doc19(1),
"stringent" : doc88(1),
"strongli" : doc33(1),doc34(1),
"structur" : doc17(1),doc27(1),doc59(1),
"struggl" : doc102(1),
"stu" : doc32(1),
"studi" : doc0(1),doc2(1),doc5(1),doc6(2),doc9(1),doc11(1),doc12(1),doc14(1),doc15(1),doc18(1),doc22(1),doc25(2),doc27(2),doc28(1),doc29(1),doc33(1),doc34(1),doc36(1),doc38(1),doc40(1),doc47(1),doc53(1),doc55(1),doc62(2),doc69(2),doc73(3),doc75(3),doc78(2),doc81(1),doc82(2),doc85(2),doc89(1),
"stunt" : doc93(1),
"stupor" : doc41(1),
"sub" : doc66(1),
"subcutan" : doc39(1),doc87(1),
"subject" : doc50(3),doc52(4),doc66(1),doc67(1),doc69(1),doc75(1),doc86(1),doc88(1),doc93(1),doc100(1),
"sublin" : doc21(5),
"subsequ" : doc14(1),doc21(1),doc63(1),
"subsid" : doc61(1),
"substanc" : doc66(1),doc80(2),
"substanti" : doc45(1),doc84(1),
"substitut" : doc66(1),doc93(1),
"subtl" : doc66(1),
"subtox" : doc9(1),doc10(1),
"succeed" : doc24(1),
"suffer" : doc88(1),doc93(1),
"suffi" : doc49(1),
"suffici" : doc32(1),
"sugar" : doc4(3),doc58(1),
"suggest" : doc12(1),doc16(1),doc17(1),doc21(1),doc28(1),doc33(1),doc34(1),doc36(1),doc38(1),doc41(1),doc45(1),doc47(1),doc51(1),doc53(1),doc54(1),doc75(1),doc76(1),doc85(1),doc88(1),doc89(1),doc97(1),
"suitabl" : doc42(1),doc88(1),
"sulfat" : doc11(3),
"sulfoamino" : doc12(1),
"sulphat" : doc70(2),doc75(2),
"sult" : doc49(1),
"summar" : doc67(1),
"super" : doc34(1),
"supersatur" : doc34(1),
"suppli" : doc88(1),
"support" : doc73(1),doc83(1),doc84(1),doc90(1),doc96(1),
"suppress" : doc52(1),doc62(1),doc74(1),doc77(1),doc86(1),
"supraren" : doc29(1),
"sur" : doc29(1),
"surfac" : doc21(1),
"surfeit" : doc93(1),
"surgeri" : doc92(3),
"surgic" : doc20(1),doc44(1),doc102(1),
"surrenal" : doc29(1),
"survei" : doc28(1),
"surviv" : doc54(9),doc93(1),
"suscept" : doc1(1),doc19(1),
"suscepti" : doc28(1),
"suspens" : doc14(1),doc24(1),
"sustain" : doc85(1),
"sv40" : doc26(10),
"sweat" : doc57(1),
"symptom" : doc32(1),doc44(1),doc57(2),doc87(1),
"symptomatolog" : doc57(1),
"syn" : doc18(1),doc24(1),
"syndrom" : doc29(1),doc75(2),doc87(2),
"syngen" : doc19(2),doc22(1),doc24(1),
"synthes" : doc18(2),
"synthesi" : doc26(1),doc59(1),doc66(1),doc85(3),
"synthet" : doc28(1),
"system" : doc16(1),doc21(1),doc22(2),doc24(3),doc43(1),doc70(1),doc89(1),
"systemat" : doc92(1),doc93(1),
"tabl" : doc50(1),doc70(1),
"tabol" : doc66(1),
"tachycardia" : doc57(1),
"tain" : doc50(1),doc61(1),
"take" : doc50(1),doc85(1),doc89(1),doc93(1),doc102(1),
"taken" : doc56(1),doc89(1),doc95(1),
"talk" : doc100(1),
"target" : doc47(1),
"task" : doc89(2),
"taurin" : doc11(3),
"teach" : doc89(1),
"techniqu" : doc7(1),doc21(1),doc25(1),doc35(1),doc40(2),doc42(2),doc102(1),
"teleostean" : doc54(1),
"temperatur" : doc50(1),
"tempo" : doc30(1),
"tempor" : doc89(1),
"ten" : doc37(1),doc78(1),
"tendenc" : doc102(1),
"terist" : doc29(1),
"term" : doc19(1),doc45(1),doc52(2),doc55(1),doc61(1),doc66(1),doc75(2),doc78(1),doc88(1),doc89(4),doc100(2),
"termin" : doc38(1),
"test" : doc15(3),doc27(2),doc36(2),doc46(1),doc50(4),doc52(2),doc54(2),doc62(1),doc74(3),doc78(2),doc88(1),doc97(2),
"testosteron" : doc73(2),doc79(1),doc82(6),
"teu50" : doc46(5),
"textbook" : doc67(1),
"thallium" : doc3(6),
"than" : doc4(2),doc6(2),doc13(1),doc21(4),doc22(1),doc26(1),doc27(1),doc34(1),doc45(1),doc47(1),doc48(1),doc52(2),doc56(2),doc71(1),doc74(1),doc78(1),doc79(1),doc84(1),doc85(1),doc88(1),doc97(2),doc99(1),doc100(1),
"them" : doc78(1),doc93(1),doc95(1),doc102(1),
"theori" : doc72(1),doc73(1),
"therapeut" : doc13(2),doc42(1),doc62(1),doc72(1),
"therapi" : doc28(1),doc30(1),doc33(1),doc37(1),doc42(1),doc54(1),doc55(1),doc62(1),doc74(1),doc90(1),doc92(4),
"thereaft" : doc55(1),
"therebi" : doc2(1),
"therefor" : doc33(1),doc69(1),doc73(1),doc88(1),
"thesi" : doc18(1),
"thigh" : doc82(1),
"thing" : doc85(1),
"think" : doc89(2),
"thio" : doc5(1),doc6(2),
"thiophosphor" : doc6(1),
"thiouracil" : doc8(1),doc77(2),
"thiourea" : doc8(1),
"thirteen" : doc55(1),
"thirti" : doc86(1),
"those" : doc5(1),doc7(1),doc33(1),doc34(1),doc42(1),doc46(1),doc47(2),doc49(1),doc50(1),doc68(1),doc72(2),doc79(1),doc83(1),doc88(2),
"though" : doc13(1),
"thought" : doc89(1),
"three" : doc47(1),doc69(1),doc75(2),doc92(1),doc94(1),doc97(1),
"threshold" : doc24(1),
"thrive" : doc87(2),
"through" : doc4(1),doc21(2),doc28(1),doc32(1),doc44(1),doc66(3),doc67(1),doc94(1),
"throughout" : doc2(1),
"thu" : doc2(1),doc7(1),doc36(1),doc98(1),
"thymectom" : doc19(3),
"thymectomi" : doc19(2),
"thymu" : doc19(2),doc77(1),
"thyroid" : doc36(1),doc49(1),doc66(1),doc77(1),doc78(1),
"thyrotropin" : doc64(1),doc77(1),
"thyroxin" : doc77(3),
"ti" : doc66(1),
"tibial" : doc56(1),doc73(4),
"tibl" : doc21(1),
"tic" : doc69(1),
"tilapia" : doc54(1),
"time" : doc18(1),doc29(1),doc32(1),doc34(1),doc54(1),doc58(1),doc60(1),doc61(4),doc67(1),doc83(1),doc84(1),doc86(1),doc93(2),doc94(1),
"tion" : doc15(1),doc28(1),doc32(1),doc38(2),doc39(1),doc49(1),doc55(1),doc63(1),doc64(1),doc65(1),
"tissu" : doc8(1),doc10(2),doc11(1),doc13(1),doc15(1),doc19(1),doc20(1),doc25(8),doc26(1),doc27(2),doc28(1),doc42(1),doc47(6),doc50(1),doc54(1),doc56(2),doc60(1),doc64(2),doc66(1),doc73(1),doc79(1),doc82(4),doc85(3),
"titan" : doc31(2),
"titer" : doc18(2),doc27(1),doc55(1),
"titi" : doc57(1),
"titr" : doc74(1),
"tmp" : doc51(3),
"tocopherol" : doc2(7),
"todai" : doc90(1),
"togeth" : doc28(1),doc102(1),
"tolbutamid" : doc58(1),
"told" : doc97(3),
"toler" : doc28(1),doc32(1),doc50(3),doc52(1),doc54(1),doc62(1),
"tomiz" : doc65(1),
"too" : doc50(1),
"took" : doc40(1),
"tool" : doc36(1),
"topic" : doc13(1),
"total" : doc4(1),doc48(1),doc52(1),doc76(1),doc79(1),
"toward" : doc76(1),doc80(1),
"toxic" : doc9(1),doc10(2),doc11(2),doc13(6),
"toxicosi" : doc9(4),doc10(1),
"toxogonin" : doc32(4),
"trace" : doc0(1),doc2(1),
"trachea" : doc43(1),
"tract" : doc9(1),doc34(1),doc37(1),
"train" : doc97(1),doc101(1),
"tran" : doc47(1),
"transamidinas" : doc76(4),
"transfer" : doc2(1),doc21(2),doc24(2),doc50(1),doc54(2),doc94(1),
"transform" : doc28(1),doc81(3),
"transgress" : doc21(2),
"transit" : doc41(1),
"transmit" : doc26(1),
"transplant" : doc14(5),doc17(2),doc73(4),
"transport" : doc4(4),doc36(2),doc47(2),doc59(1),doc66(1),doc85(1),doc97(1),
"transpos" : doc97(1),
"transposit" : doc97(1),
"transtubular" : doc40(1),
"treat" : doc3(2),doc16(1),doc17(4),doc18(2),doc33(1),doc47(1),doc52(1),doc55(2),doc56(1),doc61(2),doc66(1),doc68(1),doc69(2),doc71(3),doc74(1),doc76(1),doc81(1),doc82(1),doc88(1),
"treatment" : doc11(1),doc13(1),doc17(1),doc34(1),doc37(5),doc42(1),doc45(3),doc52(1),doc55(2),doc58(1),doc61(2),doc63(1),doc64(3),doc68(1),doc72(1),doc74(3),doc75(1),doc81(3),doc88(2),
"tremend" : doc90(1),
"tri" : doc100(1),
"trial" : doc8(1),doc88(1),doc92(1),
"trigger" : doc93(1),
"triiodothyronin" : doc64(1),doc76(1),
"trimethyl" : doc6(1),
"tripolyphosph" : doc46(1),
"tritiat" : doc2(1),
"true" : doc24(1),
"trypsin" : doc18(1),doc27(1),
"tu" : doc14(1),doc24(1),
"tubul" : doc40(2),
"tubular" : doc38(1),doc40(2),doc51(2),
"tuitari" : doc61(1),doc64(1),
"tumor" : doc14(6),doc15(2),doc16(4),doc18(1),doc19(2),doc20(5),doc21(8),doc22(5),doc23(3),doc24(3),doc26(1),doc41(2),doc44(1),doc68(1),doc77(10),
"tumour" : doc15(1),doc17(4),doc18(1),doc22(1),doc23(1),doc24(1),doc25(7),doc26(6),doc28(3),doc37(1),
"tungsten" : doc13(1),
"ture" : doc15(1),doc18(1),
"turner" : doc75(2),
"twenti" : doc39(1),doc86(1),
"twice" : doc74(1),
"two" : doc25(1),doc30(1),doc32(1),doc33(1),doc63(1),doc72(1),doc75(2),doc78(1),doc85(1),doc92(1),doc93(1),doc94(2),
"type" : doc7(1),doc10(1),doc26(1),doc99(1),
"typic" : doc9(1),doc74(1),
"u" : doc42(1),doc46(1),doc49(3),doc54(2),
"u.s.a" : doc90(1),
"ug" : doc15(2),doc32(2),doc54(3),doc64(2),doc76(1),
"ulcer" : doc27(1),
"un" : doc32(1),doc44(1),
"unavail" : doc66(1),
"uncertain" : doc36(1),
"uncov" : doc88(1),
"und" : doc30(1),
"under" : doc30(1),doc33(1),doc40(1),doc52(1),doc79(1),doc80(1),doc93(1),doc97(2),
"undergo" : doc5(1),
"understand" : doc59(2),doc90(1),doc91(1),
"undertaken" : doc96(1),
"unev" : doc44(1),
"unex" : doc51(1),
"unexpect" : doc74(1),
"unheed" : doc94(1),
"uniqu" : doc36(1),doc89(1),
"unit" : doc94(1),doc102(1),
"unknown" : doc89(1),
"unlabel" : doc65(2),
"unrel" : doc36(1),doc85(1),
"unreli" : doc31(1),
"unreport" : doc58(1),
"unrespons" : doc72(1),
"untersuchungen" : doc30(1),
"untreat" : doc17(1),
"up" : doc19(1),doc45(2),doc50(2),doc55(1),doc67(2),doc74(1),doc96(2),
"upon" : doc2(1),doc27(1),doc43(1),doc49(4),doc91(1),
"upper" : doc34(1),
"uptak" : doc79(1),
"uranium" : doc13(1),
"uranyl" : doc46(1),
"urem" : doc43(1),
"uremia" : doc43(1),
"urin" : doc3(1),doc29(1),doc31(1),doc32(1),doc34(1),doc37(1),doc46(1),
"urinari" : doc32(1),doc34(5),doc35(1),doc37(1),doc45(1),doc48(1),doc50(2),doc69(2),doc75(3),doc78(2),doc85(1),
"urophysi" : doc54(1),
"us" : doc7(1),doc11(1),doc13(2),doc15(4),doc16(1),doc19(1),doc20(1),doc25(1),doc27(1),doc33(3),doc36(1),doc40(1),doc42(3),doc59(1),doc62(1),doc63(1),doc66(1),doc74(1),doc75(2),doc77(1),doc78(1),doc79(1),doc86(1),doc89(3),doc94(2),doc98(1),
"usual" : doc7(1),doc19(1),doc21(1),doc44(1),doc47(1),doc66(1),
"utero" : doc84(1),
"uteru" : doc79(1),
"util" : doc50(4),doc80(1),doc86(1),doc88(1),
"vaccini" : doc17(1),
"valid" : doc88(1),
"validli" : doc36(1),
"valu" : doc0(1),doc37(1),doc45(1),doc46(4),doc52(1),doc76(2),
"valuabl" : doc13(1),doc74(1),doc78(1),
"vanadium" : doc13(1),
"vari" : doc10(1),doc51(1),doc56(1),doc78(1),doc85(1),doc93(1),
"variabl" : doc51(2),
"variant" : doc14(1),doc21(1),
"variat" : doc13(1),
"varieti" : doc59(1),doc90(2),
"variou" : doc2(1),doc14(1),doc27(1),doc34(1),doc47(1),doc60(1),doc62(2),doc89(2),
"vascular" : doc83(1),
"vasopressin" : doc73(2),
"vasotocin" : doc54(1),
"vast" : doc90(2),doc91(1),
"vate" : doc38(1),
"vecchio" : doc73(1),
"vector" : doc93(1),
"veget" : doc6(1),
"velop" : doc66(1),
"velopharyng" : doc92(2),
"ventricular" : doc9(1),
"verbal" : doc97(3),
"vergleichend" : doc30(1),
"veri" : doc2(1),doc15(1),doc39(2),doc74(1),doc101(1),
"vermeulen" : doc34(1),
"vesicl" : doc82(3),
"view" : doc28(1),doc36(1),doc73(1),doc84(1),
"viral" : doc14(2),doc18(3),doc26(1),doc28(1),
"viru" : doc14(4),doc18(11),doc19(5),doc26(2),doc68(1),
"viscera" : doc82(1),
"visualis" : doc8(1),
"vital" : doc90(1),doc93(1),
"vitamin" : doc2(3),doc30(2),doc33(3),doc49(3),
"vitro" : doc4(4),doc21(1),doc36(3),doc64(1),doc70(1),doc85(1),
"vivo" : doc4(3),doc11(1),doc36(1),
"volum" : doc60(1),
"von" : doc49(1),
"wall" : doc66(1),
"want" : doc100(1),
"war" : doc94(1),
"warrant" : doc36(1),
"water" : doc7(1),doc39(1),doc42(1),doc46(1),doc54(4),doc60(1),
"we" : doc28(1),doc30(1),doc42(1),doc59(1),doc61(2),doc67(2),doc72(1),doc78(1),doc87(1),doc100(3),
"wean" : doc29(1),
"week" : doc54(1),doc55(2),doc58(1),doc61(4),
"weekli" : doc74(1),
"weigh" : doc3(1),doc99(1),
"weight" : doc18(1),doc29(1),doc56(1),doc60(1),doc73(1),doc77(3),doc99(1),
"well" : doc38(1),doc44(1),doc56(2),doc59(1),doc72(2),doc85(1),doc89(1),doc93(1),doc96(2),
"were" : doc3(1),doc4(1),doc6(2),doc8(1),doc9(4),doc11(1),doc17(2),doc18(2),doc19(4),doc20(2),doc22(4),doc24(2),doc25(3),doc27(4),doc30(1),doc31(1),doc32(2),doc35(2),doc38(1),doc39(1),doc45(1),doc46(2),doc47(4),doc50(1),doc54(2),doc55(2),doc56(2),doc57(2),doc58(1),doc63(1),doc64(1),doc68(3),doc73(3),doc74(1),doc75(1),doc76(1),doc77(1),doc78(2),doc79(2),doc81(1),doc86(2),doc87(1),doc88(1),doc94(2),doc97(2),doc99(6),
"what" : doc45(1),doc93(3),
"when" : doc8(1),doc13(2),doc15(2),doc17(1),doc18(2),doc33(2),doc42(1),doc46(1),doc50(1),doc51(1),doc54(1),doc64(1),doc66(1),doc71(1),doc81(2),doc96(1),
"where" : doc18(1),doc60(1),doc75(1),doc96(2),
"wherea" : doc6(1),doc55(1),doc79(1),doc81(1),
"wherein" : doc89(1),
"whether" : doc36(2),doc45(1),doc50(1),doc62(1),doc89(1),
"which" : doc2(2),doc4(2),doc5(1),doc9(1),doc11(1),doc13(1),doc16(1),doc17(1),doc20(1),doc22(2),doc25(2),doc27(2),doc29(1),doc30(2),doc34(1),doc35(1),doc47(1),doc52(1),doc55(1),doc59(1),doc60(1),doc75(1),doc80(1),doc83(1),doc84(1),doc85(4),doc89(3),doc93(2),doc94(4),doc100(1),
"while" : doc7(1),doc21(1),doc22(1),doc51(1),doc78(1),doc85(1),
"white" : doc0(1),
"who" : doc37(1),doc42(1),doc47(1),doc72(1),doc87(1),doc88(3),doc93(1),
"whole" : doc0(1),doc64(1),doc102(1),
"whom" : doc99(1),
"whose" : doc30(1),doc78(1),doc91(1),
"why" : doc28(1),
"wide" : doc42(1),doc51(1),
"wider" : doc6(1),
"width" : doc56(2),doc73(3),
"wilhelmi" : doc61(1),
"wilson" : doc4(1),
"wire" : doc34(1),doc42(2),
"wiseman" : doc4(1),
"wistar" : doc3(1),
"withdraw" : doc78(5),
"within" : doc4(1),doc10(1),doc18(1),doc26(1),doc32(1),doc34(1),doc44(1),doc46(2),doc75(1),doc79(2),doc85(2),doc89(1),
"without" : doc44(1),doc50(1),doc57(1),doc64(1),doc74(2),doc77(1),doc81(1),doc84(1),doc89(1),doc92(1),
"wk" : doc24(2),
"word" : doc94(1),
"work" : doc42(1),doc78(1),doc89(1),
"world" : doc94(1),doc102(1),
"would" : doc34(1),doc45(1),doc50(1),doc75(1),
"wrong" : doc93(2),
"x" : doc4(1),doc14(1),doc18(1),
"y" : doc2(1),doc15(1),doc22(2),
"year" : doc45(1),doc55(1),doc57(1),doc58(2),doc60(1),doc61(4),doc91(1),doc94(4),doc96(2),doc99(1),
"yellow" : doc31(2),
"yet" : doc28(1),doc36(1),doc64(1),doc80(2),doc85(1),doc88(1),
"yield" : doc18(1),doc63(2),doc71(3),
"yolk" : doc0(1),
"young" : doc47(1),doc83(1),doc89(2),doc97(1),
"youngest" : doc92(1),
"yr" : doc1(1),
"yttrium" : doc42(1),
"zimmer" : doc42(1),
"zinc" : doc13(1),
"zone" : doc29(1),doc75(1),]]></system-out>
  <system-err><![CDATA[]]></system-err>
</testsuite>
